
*** Running vivado
    with args -log Top.vdi -applog -m64 -product Vivado -messageDb vivado.pb -mode batch -source Top.tcl -notrace


****** Vivado v2025.1 (64-bit)
  **** SW Build 6140274 on Wed May 21 22:58:25 MDT 2025
  **** IP Build 6138677 on Thu May 22 03:10:11 MDT 2025
  **** SharedData Build 6139179 on Tue May 20 17:58:58 MDT 2025
  **** Start of session at: Sat Jun 21 20:43:28 2025
    ** Copyright 1986-2022 Xilinx, Inc. All Rights Reserved.
    ** Copyright 2022-2025 Advanced Micro Devices, Inc. All Rights Reserved.

source Top.tcl -notrace
Command: link_design -top Top -part xc7a35tcpg236-1
Design is defaulting to srcset: sources_1
Design is defaulting to constrset: constrs_1
INFO: [Device 21-403] Loading part xc7a35tcpg236-1
Netlist sorting complete. Time (s): cpu = 00:00:00.01 ; elapsed = 00:00:00.01 . Memory (MB): peak = 1662.492 ; gain = 0.000 ; free physical = 1806 ; free virtual = 6218
INFO: [Netlist 29-17] Analyzing 292 Unisim elements for replacement
INFO: [Netlist 29-28] Unisim Transformation completed in 0 CPU seconds
INFO: [Project 1-479] Netlist was created with Vivado 2025.1
INFO: [Project 1-570] Preparing netlist for logic optimization
Parsing XDC File [/home/swaggo/Code/Fag/Fag_project/vivado/Basys3Game/Basys3Game.srcs/constrs_1/imports/code/GameBasys3.xdc]
Finished Parsing XDC File [/home/swaggo/Code/Fag/Fag_project/vivado/Basys3Game/Basys3Game.srcs/constrs_1/imports/code/GameBasys3.xdc]
INFO: [Opt 31-138] Pushed 0 inverter(s) to 0 load pin(s).
Netlist sorting complete. Time (s): cpu = 00:00:00 ; elapsed = 00:00:00 . Memory (MB): peak = 1848.098 ; gain = 0.000 ; free physical = 1668 ; free virtual = 6080
INFO: [Project 1-111] Unisim Transformation Summary:
No Unisim elements were transformed.

7 Infos, 0 Warnings, 0 Critical Warnings and 0 Errors encountered.
link_design completed successfully
Command: opt_design
Attempting to get a license for feature 'Implementation' and/or device 'xc7a35t'
INFO: [Common 17-349] Got license for feature 'Implementation' and/or device 'xc7a35t'
Running DRC as a precondition to command opt_design

Starting DRC Task
INFO: [DRC 23-27] Running DRC with 8 threads
INFO: [Project 1-461] DRC finished with 0 Errors
INFO: [Project 1-462] Please refer to the DRC report (report_drc) for more information.

Time (s): cpu = 00:00:02 ; elapsed = 00:00:00.67 . Memory (MB): peak = 1931.621 ; gain = 79.520 ; free physical = 1583 ; free virtual = 5987

Starting Cache Timing Information Task
INFO: [Timing 38-35] Done setting XDC timing constraints.
Ending Cache Timing Information Task | Checksum: 1ff020aa2

Time (s): cpu = 00:00:05 ; elapsed = 00:00:06 . Memory (MB): peak = 2382.449 ; gain = 450.828 ; free physical = 1121 ; free virtual = 5526

Starting Logic Optimization Task

Phase 1 Initialization

Phase 1.1 Core Generation And Design Setup
Phase 1.1 Core Generation And Design Setup | Checksum: 1ff020aa2

Time (s): cpu = 00:00:00 ; elapsed = 00:00:00 . Memory (MB): peak = 2747.340 ; gain = 0.000 ; free physical = 736 ; free virtual = 5150

Phase 1.2 Setup Constraints And Sort Netlist
Phase 1.2 Setup Constraints And Sort Netlist | Checksum: 1ff020aa2

Time (s): cpu = 00:00:00 ; elapsed = 00:00:00.01 . Memory (MB): peak = 2747.340 ; gain = 0.000 ; free physical = 736 ; free virtual = 5150
Phase 1 Initialization | Checksum: 1ff020aa2

Time (s): cpu = 00:00:00 ; elapsed = 00:00:00.01 . Memory (MB): peak = 2747.340 ; gain = 0.000 ; free physical = 736 ; free virtual = 5150

Phase 2 Timer Update And Timing Data Collection

Phase 2.1 Timer Update
Phase 2.1 Timer Update | Checksum: 1ff020aa2

Time (s): cpu = 00:00:00.11 ; elapsed = 00:00:00.04 . Memory (MB): peak = 2747.340 ; gain = 0.000 ; free physical = 736 ; free virtual = 5150

Phase 2.2 Timing Data Collection
Phase 2.2 Timing Data Collection | Checksum: 1ff020aa2

Time (s): cpu = 00:00:00.12 ; elapsed = 00:00:00.05 . Memory (MB): peak = 2747.340 ; gain = 0.000 ; free physical = 735 ; free virtual = 5149
Phase 2 Timer Update And Timing Data Collection | Checksum: 1ff020aa2

Time (s): cpu = 00:00:00.12 ; elapsed = 00:00:00.05 . Memory (MB): peak = 2747.340 ; gain = 0.000 ; free physical = 735 ; free virtual = 5149

Phase 3 Retarget
INFO: [Opt 31-1851] Number of loadless carry chains removed were: 0
INFO: [Opt 31-1834] Total Chains To Be Transformed Were: 0 AND Number of Transformed insts Created are: 0
INFO: [Opt 31-138] Pushed 0 inverter(s) to 0 load pin(s).
INFO: [Opt 31-49] Retargeted 0 cell(s).
Phase 3 Retarget | Checksum: 252157e26

Time (s): cpu = 00:00:00.17 ; elapsed = 00:00:00.1 . Memory (MB): peak = 2747.340 ; gain = 0.000 ; free physical = 723 ; free virtual = 5138
Retarget | Checksum: 252157e26
INFO: [Opt 31-389] Phase Retarget created 20 cells and removed 62 cells

Phase 4 Constant propagation
INFO: [Opt 31-138] Pushed 0 inverter(s) to 0 load pin(s).
Phase 4 Constant propagation | Checksum: 19d836ef4

Time (s): cpu = 00:00:00.19 ; elapsed = 00:00:00.12 . Memory (MB): peak = 2747.340 ; gain = 0.000 ; free physical = 723 ; free virtual = 5138
Constant propagation | Checksum: 19d836ef4
INFO: [Opt 31-389] Phase Constant propagation created 0 cells and removed 24 cells

Phase 5 Sweep
INFO: [Constraints 18-11670] Building netlist checker database with flags, 0x8
Done building netlist checker database: Time (s): cpu = 00:00:00 ; elapsed = 00:00:00 . Memory (MB): peak = 2747.340 ; gain = 0.000 ; free physical = 723 ; free virtual = 5137
Phase 5 Sweep | Checksum: 1ec53faa9

Time (s): cpu = 00:00:00.22 ; elapsed = 00:00:00.15 . Memory (MB): peak = 2747.340 ; gain = 0.000 ; free physical = 723 ; free virtual = 5137
Sweep | Checksum: 1ec53faa9
INFO: [Opt 31-389] Phase Sweep created 6 cells and removed 1 cells

Phase 6 BUFG optimization
Phase 6 BUFG optimization | Checksum: 1ec53faa9

Time (s): cpu = 00:00:00.25 ; elapsed = 00:00:00.17 . Memory (MB): peak = 2779.355 ; gain = 32.016 ; free physical = 723 ; free virtual = 5137
BUFG optimization | Checksum: 1ec53faa9
INFO: [Opt 31-662] Phase BUFG optimization created 0 cells of which 0 are BUFGs and removed 0 cells.

Phase 7 Shift Register Optimization
INFO: [Opt 31-1064] SRL Remap converted 0 SRLs to 0 registers and converted 0 registers of register chains to 0 SRLs
Phase 7 Shift Register Optimization | Checksum: 1ec53faa9

Time (s): cpu = 00:00:00.26 ; elapsed = 00:00:00.17 . Memory (MB): peak = 2779.355 ; gain = 32.016 ; free physical = 723 ; free virtual = 5137
Shift Register Optimization | Checksum: 1ec53faa9
INFO: [Opt 31-389] Phase Shift Register Optimization created 0 cells and removed 0 cells

Phase 8 Post Processing Netlist
Phase 8 Post Processing Netlist | Checksum: 218f92c42

Time (s): cpu = 00:00:00.27 ; elapsed = 00:00:00.18 . Memory (MB): peak = 2779.355 ; gain = 32.016 ; free physical = 723 ; free virtual = 5137
Post Processing Netlist | Checksum: 218f92c42
INFO: [Opt 31-389] Phase Post Processing Netlist created 0 cells and removed 0 cells

Phase 9 Finalization

Phase 9.1 Finalizing Design Cores and Updating Shapes
Phase 9.1 Finalizing Design Cores and Updating Shapes | Checksum: 1fdbf25ff

Time (s): cpu = 00:00:00.47 ; elapsed = 00:00:00.28 . Memory (MB): peak = 2779.355 ; gain = 32.016 ; free physical = 723 ; free virtual = 5137

Phase 9.2 Verifying Netlist Connectivity

Starting Connectivity Check Task

Time (s): cpu = 00:00:00 ; elapsed = 00:00:00.01 . Memory (MB): peak = 2779.355 ; gain = 0.000 ; free physical = 723 ; free virtual = 5137
Phase 9.2 Verifying Netlist Connectivity | Checksum: 1fdbf25ff

Time (s): cpu = 00:00:00.47 ; elapsed = 00:00:00.29 . Memory (MB): peak = 2779.355 ; gain = 32.016 ; free physical = 723 ; free virtual = 5137
Phase 9 Finalization | Checksum: 1fdbf25ff

Time (s): cpu = 00:00:00.47 ; elapsed = 00:00:00.29 . Memory (MB): peak = 2779.355 ; gain = 32.016 ; free physical = 723 ; free virtual = 5137
Opt_design Change Summary
=========================


-------------------------------------------------------------------------------------------------------------------------
|  Phase                        |  #Cells created  |  #Cells Removed  |  #Constrained objects preventing optimizations  |
-------------------------------------------------------------------------------------------------------------------------
|  Retarget                     |              20  |              62  |                                              0  |
|  Constant propagation         |               0  |              24  |                                              0  |
|  Sweep                        |               6  |               1  |                                              0  |
|  BUFG optimization            |               0  |               0  |                                              0  |
|  Shift Register Optimization  |               0  |               0  |                                              0  |
|  Post Processing Netlist      |               0  |               0  |                                              0  |
-------------------------------------------------------------------------------------------------------------------------


Ending Logic Optimization Task | Checksum: 1fdbf25ff

Time (s): cpu = 00:00:00.47 ; elapsed = 00:00:00.29 . Memory (MB): peak = 2779.355 ; gain = 32.016 ; free physical = 723 ; free virtual = 5137

Starting Power Optimization Task
INFO: [Pwropt 34-132] Skipping clock gating for clocks with a period < 2.00 ns.
INFO: [Timing 38-35] Done setting XDC timing constraints.
Running Vector-less Activity Propagation...

Finished Running Vector-less Activity Propagation
INFO: [Pwropt 34-9] Applying IDT optimizations ...
INFO: [Pwropt 34-10] Applying ODC optimizations ...


Starting PowerOpt Patch Enables Task
INFO: [Pwropt 34-162] WRITE_MODE attribute of 0 BRAM(s) out of a total of 21 has been updated to save power. Run report_power_opt to get a complete listing of the BRAMs updated.
INFO: [Pwropt 34-201] Structural ODC has moved 0 WE to EN ports
Number of BRAM Ports augmented: 0 newly gated: 10 Total Ports: 42
Number of Flops added for Enable Generation: 4

Ending PowerOpt Patch Enables Task | Checksum: 1cfb7de87

Time (s): cpu = 00:00:00.04 ; elapsed = 00:00:00.05 . Memory (MB): peak = 3034.230 ; gain = 0.000 ; free physical = 541 ; free virtual = 4961
Ending Power Optimization Task | Checksum: 1cfb7de87

Time (s): cpu = 00:00:03 ; elapsed = 00:00:03 . Memory (MB): peak = 3034.230 ; gain = 254.875 ; free physical = 541 ; free virtual = 4961

Starting Final Cleanup Task

Starting Logic Optimization Task
INFO: [Timing 38-35] Done setting XDC timing constraints.
Ending Logic Optimization Task | Checksum: 1b9995807

Time (s): cpu = 00:00:00.23 ; elapsed = 00:00:00.11 . Memory (MB): peak = 3034.230 ; gain = 0.000 ; free physical = 510 ; free virtual = 4917
Ending Final Cleanup Task | Checksum: 1b9995807

Time (s): cpu = 00:00:03 ; elapsed = 00:00:03 . Memory (MB): peak = 3034.230 ; gain = 0.000 ; free physical = 510 ; free virtual = 4917

Starting Netlist Obfuscation Task
Netlist sorting complete. Time (s): cpu = 00:00:00 ; elapsed = 00:00:00 . Memory (MB): peak = 3034.230 ; gain = 0.000 ; free physical = 510 ; free virtual = 4917
Ending Netlist Obfuscation Task | Checksum: 1b9995807

Time (s): cpu = 00:00:00 ; elapsed = 00:00:00 . Memory (MB): peak = 3034.230 ; gain = 0.000 ; free physical = 510 ; free virtual = 4917
INFO: [Common 17-83] Releasing license: Implementation
33 Infos, 0 Warnings, 0 Critical Warnings and 0 Errors encountered.
opt_design completed successfully
opt_design: Time (s): cpu = 00:00:17 ; elapsed = 00:00:15 . Memory (MB): peak = 3034.230 ; gain = 1182.129 ; free physical = 510 ; free virtual = 4917
INFO: [Vivado 12-24828] Executing command : report_drc -file Top_drc_opted.rpt -pb Top_drc_opted.pb -rpx Top_drc_opted.rpx
Command: report_drc -file Top_drc_opted.rpt -pb Top_drc_opted.pb -rpx Top_drc_opted.rpx
INFO: [IP_Flow 19-234] Refreshing IP repositories
INFO: [IP_Flow 19-1704] No user IP repositories specified
INFO: [IP_Flow 19-2313] Loaded Vivado IP repository '/tools/Xilinx/2025.1/Vivado/data/ip'.
INFO: [DRC 23-27] Running DRC with 8 threads
INFO: [Vivado_Tcl 2-168] The results of DRC are in file /home/swaggo/Code/Fag/Fag_project/vivado/Basys3Game/Basys3Game.runs/impl_1/Top_drc_opted.rpt.
report_drc completed successfully
INFO: [Timing 38-480] Writing timing data to binary archive.
Wrote PlaceDB: Time (s): cpu = 00:00:00.01 ; elapsed = 00:00:00 . Memory (MB): peak = 3034.230 ; gain = 0.000 ; free physical = 496 ; free virtual = 4901
Wrote PulsedLatchDB: Time (s): cpu = 00:00:00 ; elapsed = 00:00:00 . Memory (MB): peak = 3034.230 ; gain = 0.000 ; free physical = 496 ; free virtual = 4901
Writing XDEF routing.
Write ShapeDB Complete: Time (s): cpu = 00:00:00.01 ; elapsed = 00:00:00 . Memory (MB): peak = 3034.230 ; gain = 0.000 ; free physical = 496 ; free virtual = 4901
Writing XDEF routing logical nets.
Writing XDEF routing special nets.
Wrote RouteStorage: Time (s): cpu = 00:00:00.07 ; elapsed = 00:00:00.02 . Memory (MB): peak = 3034.230 ; gain = 0.000 ; free physical = 496 ; free virtual = 4901
Wrote Netlist Cache: Time (s): cpu = 00:00:00 ; elapsed = 00:00:00 . Memory (MB): peak = 3034.230 ; gain = 0.000 ; free physical = 496 ; free virtual = 4901
Wrote Device Cache: Time (s): cpu = 00:00:00.02 ; elapsed = 00:00:00.01 . Memory (MB): peak = 3034.230 ; gain = 0.000 ; free physical = 496 ; free virtual = 4901
Write Physdb Complete: Time (s): cpu = 00:00:00.11 ; elapsed = 00:00:00.03 . Memory (MB): peak = 3034.230 ; gain = 0.000 ; free physical = 496 ; free virtual = 4901
INFO: [Common 17-1381] The checkpoint '/home/swaggo/Code/Fag/Fag_project/vivado/Basys3Game/Basys3Game.runs/impl_1/Top_opt.dcp' has been generated.
Command: place_design
Attempting to get a license for feature 'Implementation' and/or device 'xc7a35t'
INFO: [Common 17-349] Got license for feature 'Implementation' and/or device 'xc7a35t'
INFO: [Common 17-83] Releasing license: Implementation
INFO: [DRC 23-27] Running DRC with 8 threads
INFO: [Vivado_Tcl 4-198] DRC finished with 0 Errors
INFO: [Vivado_Tcl 4-199] Please refer to the DRC report (report_drc) for more information.
Running DRC as a precondition to command place_design
INFO: [DRC 23-27] Running DRC with 8 threads
INFO: [Vivado_Tcl 4-198] DRC finished with 0 Errors
INFO: [Vivado_Tcl 4-199] Please refer to the DRC report (report_drc) for more information.
INFO: [Place 30-611] Multithreading enabled for place_design using a maximum of 8 CPUs

Starting Placer Task

Phase 1 Placer Initialization

Phase 1.1 Placer Initialization Netlist Sorting
Netlist sorting complete. Time (s): cpu = 00:00:00 ; elapsed = 00:00:00 . Memory (MB): peak = 3034.230 ; gain = 0.000 ; free physical = 418 ; free virtual = 4823
Phase 1.1 Placer Initialization Netlist Sorting | Checksum: 1ae22a7dc

Time (s): cpu = 00:00:00.01 ; elapsed = 00:00:00 . Memory (MB): peak = 3034.230 ; gain = 0.000 ; free physical = 418 ; free virtual = 4823
Netlist sorting complete. Time (s): cpu = 00:00:00 ; elapsed = 00:00:00 . Memory (MB): peak = 3034.230 ; gain = 0.000 ; free physical = 418 ; free virtual = 4823

Phase 1.2 IO Placement/ Clock Placement/ Build Placer Device
INFO: [Timing 38-35] Done setting XDC timing constraints.
Phase 1.2 IO Placement/ Clock Placement/ Build Placer Device | Checksum: 1fa93de76

Time (s): cpu = 00:00:01 ; elapsed = 00:00:00.35 . Memory (MB): peak = 3034.230 ; gain = 0.000 ; free physical = 397 ; free virtual = 4805

Phase 1.3 Build Placer Netlist Model
Phase 1.3 Build Placer Netlist Model | Checksum: 22e147b37

Time (s): cpu = 00:00:02 ; elapsed = 00:00:00.78 . Memory (MB): peak = 3034.230 ; gain = 0.000 ; free physical = 385 ; free virtual = 4793

Phase 1.4 Constrain Clocks/Macros
Phase 1.4 Constrain Clocks/Macros | Checksum: 22e147b37

Time (s): cpu = 00:00:02 ; elapsed = 00:00:00.79 . Memory (MB): peak = 3034.230 ; gain = 0.000 ; free physical = 385 ; free virtual = 4793
Phase 1 Placer Initialization | Checksum: 22e147b37

Time (s): cpu = 00:00:03 ; elapsed = 00:00:00.8 . Memory (MB): peak = 3034.230 ; gain = 0.000 ; free physical = 385 ; free virtual = 4793

Phase 2 Global Placement

Phase 2.1 Floorplanning
Phase 2.1 Floorplanning | Checksum: 2ce3506ed

Time (s): cpu = 00:00:03 ; elapsed = 00:00:00.94 . Memory (MB): peak = 3034.230 ; gain = 0.000 ; free physical = 352 ; free virtual = 4760

Phase 2.2 Update Timing before SLR Path Opt
Phase 2.2 Update Timing before SLR Path Opt | Checksum: 26f7aeba9

Time (s): cpu = 00:00:03 ; elapsed = 00:00:01 . Memory (MB): peak = 3034.230 ; gain = 0.000 ; free physical = 380 ; free virtual = 4788

Phase 2.3 Post-Processing in Floorplanning
Phase 2.3 Post-Processing in Floorplanning | Checksum: 26f7aeba9

Time (s): cpu = 00:00:04 ; elapsed = 00:00:01 . Memory (MB): peak = 3034.230 ; gain = 0.000 ; free physical = 380 ; free virtual = 4788

Phase 2.4 Global Place Phase1
Phase 2.4 Global Place Phase1 | Checksum: 288fec0d0

Time (s): cpu = 00:00:09 ; elapsed = 00:00:03 . Memory (MB): peak = 3034.230 ; gain = 0.000 ; free physical = 312 ; free virtual = 4742

Phase 2.5 Global Place Phase2

Phase 2.5.1 UpdateTiming Before Physical Synthesis
Phase 2.5.1 UpdateTiming Before Physical Synthesis | Checksum: 307211ea4

Time (s): cpu = 00:00:10 ; elapsed = 00:00:03 . Memory (MB): peak = 3034.230 ; gain = 0.000 ; free physical = 331 ; free virtual = 4757

Phase 2.5.2 Physical Synthesis In Placer
INFO: [Physopt 32-1035] Found 0 LUTNM shape to break, 64 LUT instances to create LUTNM shape
INFO: [Physopt 32-1044] Break lutnm for timing: one critical 0, two critical 0, total 0, new lutff created 0
INFO: [Physopt 32-1138] End 1 Pass. Optimized 26 nets or LUTs. Breaked 0 LUT, combined 26 existing LUTs and moved 0 existing LUT
INFO: [Physopt 32-65] No nets found for high-fanout optimization.
INFO: [Physopt 32-232] Optimized 0 net. Created 0 new instance.
INFO: [Physopt 32-775] End 1 Pass. Optimized 0 net or cell. Created 0 new cell, deleted 0 existing cell and moved 0 existing cell
INFO: [Physopt 32-670] No setup violation found.  DSP Register Optimization was not performed.
INFO: [Physopt 32-670] No setup violation found.  Shift Register to Pipeline Optimization was not performed.
INFO: [Physopt 32-670] No setup violation found.  Shift Register Optimization was not performed.
INFO: [Physopt 32-670] No setup violation found.  BRAM Register Optimization was not performed.
INFO: [Physopt 32-670] No setup violation found.  URAM Register Optimization was not performed.
INFO: [Physopt 32-949] No candidate nets found for dynamic/static region interface net replication
INFO: [Physopt 32-775] End 1 Pass. Optimized 0 net or cell. Created 0 new cell, deleted 0 existing cell and moved 0 existing cell
Netlist sorting complete. Time (s): cpu = 00:00:00 ; elapsed = 00:00:00.01 . Memory (MB): peak = 3034.230 ; gain = 0.000 ; free physical = 316 ; free virtual = 4743

Summary of Physical Synthesis Optimizations
============================================


-----------------------------------------------------------------------------------------------------------------------------------------------------------
|  Optimization                                     |  Added Cells  |  Removed Cells  |  Optimized Cells/Nets  |  Dont Touch  |  Iterations  |  Elapsed   |
-----------------------------------------------------------------------------------------------------------------------------------------------------------
|  LUT Combining                                    |            0  |             26  |                    26  |           0  |           1  |  00:00:00  |
|  Retime                                           |            0  |              0  |                     0  |           0  |           1  |  00:00:00  |
|  Very High Fanout                                 |            0  |              0  |                     0  |           0  |           1  |  00:00:00  |
|  DSP Register                                     |            0  |              0  |                     0  |           0  |           0  |  00:00:00  |
|  Shift Register to Pipeline                       |            0  |              0  |                     0  |           0  |           0  |  00:00:00  |
|  Shift Register                                   |            0  |              0  |                     0  |           0  |           0  |  00:00:00  |
|  BRAM Register                                    |            0  |              0  |                     0  |           0  |           0  |  00:00:00  |
|  URAM Register                                    |            0  |              0  |                     0  |           0  |           0  |  00:00:00  |
|  Dynamic/Static Region Interface Net Replication  |            0  |              0  |                     0  |           0  |           1  |  00:00:00  |
|  Total                                            |            0  |             26  |                    26  |           0  |           4  |  00:00:00  |
-----------------------------------------------------------------------------------------------------------------------------------------------------------


Phase 2.5.2 Physical Synthesis In Placer | Checksum: 22d92c0ea

Time (s): cpu = 00:00:11 ; elapsed = 00:00:03 . Memory (MB): peak = 3034.230 ; gain = 0.000 ; free physical = 301 ; free virtual = 4727
Phase 2.5 Global Place Phase2 | Checksum: 2c8360121

Time (s): cpu = 00:00:11 ; elapsed = 00:00:03 . Memory (MB): peak = 3034.230 ; gain = 0.000 ; free physical = 273 ; free virtual = 4708
Phase 2 Global Placement | Checksum: 2c8360121

Time (s): cpu = 00:00:11 ; elapsed = 00:00:03 . Memory (MB): peak = 3034.230 ; gain = 0.000 ; free physical = 273 ; free virtual = 4708

Phase 3 Detail Placement

Phase 3.1 Commit Multi Column Macros
Phase 3.1 Commit Multi Column Macros | Checksum: 21130a663

Time (s): cpu = 00:00:12 ; elapsed = 00:00:03 . Memory (MB): peak = 3034.230 ; gain = 0.000 ; free physical = 269 ; free virtual = 4704

Phase 3.2 Commit Most Macros & LUTRAMs
Phase 3.2 Commit Most Macros & LUTRAMs | Checksum: 24aac0240

Time (s): cpu = 00:00:13 ; elapsed = 00:00:04 . Memory (MB): peak = 3034.230 ; gain = 0.000 ; free physical = 282 ; free virtual = 4718

Phase 3.3 Area Swap Optimization
Phase 3.3 Area Swap Optimization | Checksum: 1ccfaec8e

Time (s): cpu = 00:00:13 ; elapsed = 00:00:04 . Memory (MB): peak = 3034.230 ; gain = 0.000 ; free physical = 280 ; free virtual = 4717

Phase 3.4 Pipeline Register Optimization
Phase 3.4 Pipeline Register Optimization | Checksum: 241378f42

Time (s): cpu = 00:00:13 ; elapsed = 00:00:04 . Memory (MB): peak = 3034.230 ; gain = 0.000 ; free physical = 279 ; free virtual = 4716

Phase 3.5 Small Shape Detail Placement
Phase 3.5 Small Shape Detail Placement | Checksum: 20bf840a0

Time (s): cpu = 00:00:14 ; elapsed = 00:00:04 . Memory (MB): peak = 3034.230 ; gain = 0.000 ; free physical = 556 ; free virtual = 5016

Phase 3.6 Re-assign LUT pins
Phase 3.6 Re-assign LUT pins | Checksum: 29571c614

Time (s): cpu = 00:00:14 ; elapsed = 00:00:04 . Memory (MB): peak = 3034.230 ; gain = 0.000 ; free physical = 532 ; free virtual = 5008

Phase 3.7 Pipeline Register Optimization
Phase 3.7 Pipeline Register Optimization | Checksum: 2893b71cb

Time (s): cpu = 00:00:14 ; elapsed = 00:00:04 . Memory (MB): peak = 3034.230 ; gain = 0.000 ; free physical = 531 ; free virtual = 5007
Phase 3 Detail Placement | Checksum: 2893b71cb

Time (s): cpu = 00:00:14 ; elapsed = 00:00:04 . Memory (MB): peak = 3034.230 ; gain = 0.000 ; free physical = 530 ; free virtual = 5007

Phase 4 Post Placement Optimization and Clean-Up

Phase 4.1 Post Commit Optimization
INFO: [Timing 38-35] Done setting XDC timing constraints.

Phase 4.1.1 Post Placement Optimization
Post Placement Optimization Initialization | Checksum: 280501401

Phase 4.1.1.1 BUFG Insertion

Starting Physical Synthesis Task

Phase 1 Physical Synthesis Initialization
INFO: [Physopt 32-721] Multithreading enabled for phys_opt_design using a maximum of 8 CPUs
INFO: [Physopt 32-619] Estimated Timing Summary | WNS=3.697 | TNS=0.000 |
Phase 1 Physical Synthesis Initialization | Checksum: 15bc283ab

Time (s): cpu = 00:00:00.15 ; elapsed = 00:00:00.04 . Memory (MB): peak = 3034.230 ; gain = 0.000 ; free physical = 604 ; free virtual = 5070
INFO: [Place 46-56] BUFG insertion identified 0 candidate nets. Inserted BUFG: 0, Replicated BUFG Driver: 0, Skipped due to Placement/Routing Conflicts: 0, Skipped due to Timing Degradation: 0, Skipped due to netlist editing failed: 0.
Ending Physical Synthesis Task | Checksum: 1bcdd1668

Time (s): cpu = 00:00:00.19 ; elapsed = 00:00:00.07 . Memory (MB): peak = 3034.230 ; gain = 0.000 ; free physical = 598 ; free virtual = 5063
Phase 4.1.1.1 BUFG Insertion | Checksum: 280501401

Time (s): cpu = 00:00:16 ; elapsed = 00:00:05 . Memory (MB): peak = 3034.230 ; gain = 0.000 ; free physical = 594 ; free virtual = 5060

Phase 4.1.1.2 Post Placement Timing Optimization
INFO: [Place 30-746] Post Placement Timing Summary WNS=3.697. For the most accurate timing information please run report_timing.
Phase 4.1.1.2 Post Placement Timing Optimization | Checksum: 2122c4f61

Time (s): cpu = 00:00:16 ; elapsed = 00:00:05 . Memory (MB): peak = 3034.230 ; gain = 0.000 ; free physical = 590 ; free virtual = 5056

Time (s): cpu = 00:00:16 ; elapsed = 00:00:05 . Memory (MB): peak = 3034.230 ; gain = 0.000 ; free physical = 590 ; free virtual = 5055
Phase 4.1 Post Commit Optimization | Checksum: 2122c4f61

Time (s): cpu = 00:00:16 ; elapsed = 00:00:05 . Memory (MB): peak = 3034.230 ; gain = 0.000 ; free physical = 590 ; free virtual = 5055

Phase 4.2 Post Placement Cleanup
Phase 4.2 Post Placement Cleanup | Checksum: 2122c4f61

Time (s): cpu = 00:00:16 ; elapsed = 00:00:05 . Memory (MB): peak = 3034.230 ; gain = 0.000 ; free physical = 588 ; free virtual = 5054

Phase 4.3 Placer Reporting

Phase 4.3.1 Print Estimated Congestion
INFO: [Place 30-612] Post-Placement Estimated Congestion 
 ____________________________________________________
|           | Global Congestion | Short Congestion  |
| Direction | Region Size       | Region Size       |
|___________|___________________|___________________|
|      North|                1x1|                1x1|
|___________|___________________|___________________|
|      South|                1x1|                1x1|
|___________|___________________|___________________|
|       East|                1x1|                1x1|
|___________|___________________|___________________|
|       West|                1x1|                1x1|
|___________|___________________|___________________|

Phase 4.3.1 Print Estimated Congestion | Checksum: 2122c4f61

Time (s): cpu = 00:00:16 ; elapsed = 00:00:05 . Memory (MB): peak = 3034.230 ; gain = 0.000 ; free physical = 583 ; free virtual = 5049
Phase 4.3 Placer Reporting | Checksum: 2122c4f61

Time (s): cpu = 00:00:16 ; elapsed = 00:00:05 . Memory (MB): peak = 3034.230 ; gain = 0.000 ; free physical = 577 ; free virtual = 5042

Phase 4.4 Final Placement Cleanup
Netlist sorting complete. Time (s): cpu = 00:00:00.01 ; elapsed = 00:00:00 . Memory (MB): peak = 3034.230 ; gain = 0.000 ; free physical = 577 ; free virtual = 5043

Time (s): cpu = 00:00:16 ; elapsed = 00:00:05 . Memory (MB): peak = 3034.230 ; gain = 0.000 ; free physical = 577 ; free virtual = 5043
Phase 4 Post Placement Optimization and Clean-Up | Checksum: 28dffabb4

Time (s): cpu = 00:00:16 ; elapsed = 00:00:05 . Memory (MB): peak = 3034.230 ; gain = 0.000 ; free physical = 586 ; free virtual = 5051
Ending Placer Task | Checksum: 22d39c290

Time (s): cpu = 00:00:16 ; elapsed = 00:00:05 . Memory (MB): peak = 3034.230 ; gain = 0.000 ; free physical = 583 ; free virtual = 5049
70 Infos, 0 Warnings, 0 Critical Warnings and 0 Errors encountered.
place_design completed successfully
place_design: Time (s): cpu = 00:00:21 ; elapsed = 00:00:06 . Memory (MB): peak = 3034.230 ; gain = 0.000 ; free physical = 583 ; free virtual = 5049
INFO: [Vivado 12-24838] Running report commands "report_control_sets, report_io, report_utilization" in parallel.
Running report generation with 3 threads.
INFO: [Vivado 12-24828] Executing command : report_control_sets -verbose -file Top_control_sets_placed.rpt
report_control_sets: Time (s): cpu = 00:00:00.31 ; elapsed = 00:00:00.26 . Memory (MB): peak = 3034.230 ; gain = 0.000 ; free physical = 608 ; free virtual = 5079
INFO: [Vivado 12-24828] Executing command : report_utilization -file Top_utilization_placed.rpt -pb Top_utilization_placed.pb
INFO: [Vivado 12-24828] Executing command : report_io -file Top_io_placed.rpt
report_io: Time (s): cpu = 00:00:00.58 ; elapsed = 00:00:00.42 . Memory (MB): peak = 3034.230 ; gain = 0.000 ; free physical = 631 ; free virtual = 5075
INFO: [Timing 38-480] Writing timing data to binary archive.
Write ShapeDB Complete: Time (s): cpu = 00:00:00.03 ; elapsed = 00:00:00.01 . Memory (MB): peak = 3034.230 ; gain = 0.000 ; free physical = 624 ; free virtual = 5068
Wrote PlaceDB: Time (s): cpu = 00:00:00.48 ; elapsed = 00:00:00.17 . Memory (MB): peak = 3034.230 ; gain = 0.000 ; free physical = 622 ; free virtual = 5067
Wrote PulsedLatchDB: Time (s): cpu = 00:00:00 ; elapsed = 00:00:00 . Memory (MB): peak = 3034.230 ; gain = 0.000 ; free physical = 622 ; free virtual = 5067
Writing XDEF routing.
Writing XDEF routing logical nets.
Writing XDEF routing special nets.
Wrote RouteStorage: Time (s): cpu = 00:00:00.02 ; elapsed = 00:00:00.02 . Memory (MB): peak = 3034.230 ; gain = 0.000 ; free physical = 621 ; free virtual = 5066
Wrote Netlist Cache: Time (s): cpu = 00:00:00 ; elapsed = 00:00:00 . Memory (MB): peak = 3034.230 ; gain = 0.000 ; free physical = 620 ; free virtual = 5066
Wrote Device Cache: Time (s): cpu = 00:00:00.01 ; elapsed = 00:00:00.01 . Memory (MB): peak = 3034.230 ; gain = 0.000 ; free physical = 620 ; free virtual = 5066
Write Physdb Complete: Time (s): cpu = 00:00:00.51 ; elapsed = 00:00:00.21 . Memory (MB): peak = 3034.230 ; gain = 0.000 ; free physical = 620 ; free virtual = 5066
INFO: [Common 17-1381] The checkpoint '/home/swaggo/Code/Fag/Fag_project/vivado/Basys3Game/Basys3Game.runs/impl_1/Top_placed.dcp' has been generated.
Command: phys_opt_design
Attempting to get a license for feature 'Implementation' and/or device 'xc7a35t'
INFO: [Common 17-349] Got license for feature 'Implementation' and/or device 'xc7a35t'

Starting Initial Update Timing Task

Time (s): cpu = 00:00:00.68 ; elapsed = 00:00:00.21 . Memory (MB): peak = 3034.230 ; gain = 0.000 ; free physical = 640 ; free virtual = 5092
INFO: [Vivado_Tcl 4-2279] Estimated Timing Summary | WNS= 3.697 | TNS= 0.000 | 
INFO: [Vivado_Tcl 4-383] Design worst setup slack (WNS) is greater than or equal to 0.000 ns. All physical synthesis setup optimizations will be skipped.
INFO: [Vivado_Tcl 4-232] No setup violation found. The netlist was not modified.
INFO: [Common 17-83] Releasing license: Implementation
81 Infos, 0 Warnings, 0 Critical Warnings and 0 Errors encountered.
phys_opt_design completed successfully
INFO: [Timing 38-480] Writing timing data to binary archive.
Write ShapeDB Complete: Time (s): cpu = 00:00:00.04 ; elapsed = 00:00:00.01 . Memory (MB): peak = 3034.230 ; gain = 0.000 ; free physical = 645 ; free virtual = 5098
Wrote PlaceDB: Time (s): cpu = 00:00:00.4 ; elapsed = 00:00:00.14 . Memory (MB): peak = 3034.230 ; gain = 0.000 ; free physical = 636 ; free virtual = 5091
Wrote PulsedLatchDB: Time (s): cpu = 00:00:00 ; elapsed = 00:00:00 . Memory (MB): peak = 3034.230 ; gain = 0.000 ; free physical = 636 ; free virtual = 5091
Writing XDEF routing.
Writing XDEF routing logical nets.
Writing XDEF routing special nets.
Wrote RouteStorage: Time (s): cpu = 00:00:00.02 ; elapsed = 00:00:00.01 . Memory (MB): peak = 3034.230 ; gain = 0.000 ; free physical = 635 ; free virtual = 5090
Wrote Netlist Cache: Time (s): cpu = 00:00:00.01 ; elapsed = 00:00:00.01 . Memory (MB): peak = 3034.230 ; gain = 0.000 ; free physical = 635 ; free virtual = 5090
Wrote Device Cache: Time (s): cpu = 00:00:00 ; elapsed = 00:00:00 . Memory (MB): peak = 3034.230 ; gain = 0.000 ; free physical = 635 ; free virtual = 5090
Write Physdb Complete: Time (s): cpu = 00:00:00.43 ; elapsed = 00:00:00.17 . Memory (MB): peak = 3034.230 ; gain = 0.000 ; free physical = 635 ; free virtual = 5090
INFO: [Common 17-1381] The checkpoint '/home/swaggo/Code/Fag/Fag_project/vivado/Basys3Game/Basys3Game.runs/impl_1/Top_physopt.dcp' has been generated.
Command: route_design
Attempting to get a license for feature 'Implementation' and/or device 'xc7a35t'
INFO: [Common 17-349] Got license for feature 'Implementation' and/or device 'xc7a35t'


Starting Routing Task
INFO: [Route 35-254] Multithreading enabled for route_design using a maximum of 8 CPUs

Phase 1 Build RT Design
Checksum: PlaceDB: 8f82e42a ConstDB: 0 ShapeSum: fd35820f RouteDB: a0815c57
Post Restoration Checksum: NetGraph: 3cb2b9e5 | NumContArr: 2ffdef37 | Constraints: c2a8fa9d | Timing: c2a8fa9d
Phase 1 Build RT Design | Checksum: 1f2029e56

Time (s): cpu = 00:00:25 ; elapsed = 00:00:22 . Memory (MB): peak = 3034.230 ; gain = 0.000 ; free physical = 287 ; free virtual = 4799

Phase 2 Router Initialization

Phase 2.1 Fix Topology Constraints
Phase 2.1 Fix Topology Constraints | Checksum: 1f2029e56

Time (s): cpu = 00:00:25 ; elapsed = 00:00:22 . Memory (MB): peak = 3034.230 ; gain = 0.000 ; free physical = 286 ; free virtual = 4798

Phase 2.2 Pre Route Cleanup
Phase 2.2 Pre Route Cleanup | Checksum: 1f2029e56

Time (s): cpu = 00:00:25 ; elapsed = 00:00:22 . Memory (MB): peak = 3034.230 ; gain = 0.000 ; free physical = 286 ; free virtual = 4798
 Number of Nodes with overlaps = 0

Phase 2.3 Update Timing
Phase 2.3 Update Timing | Checksum: 2ead84ef1

Time (s): cpu = 00:00:26 ; elapsed = 00:00:23 . Memory (MB): peak = 3034.230 ; gain = 0.000 ; free physical = 263 ; free virtual = 4776
INFO: [Route 35-416] Intermediate Timing Summary | WNS=3.722  | TNS=0.000  | WHS=-0.145 | THS=-22.834|


Phase 2.4 Soft Constraint Pins - Fast Budgeting
Phase 2.4 Soft Constraint Pins - Fast Budgeting | Checksum: 276d5327e

Time (s): cpu = 00:00:26 ; elapsed = 00:00:23 . Memory (MB): peak = 3034.230 ; gain = 0.000 ; free physical = 257 ; free virtual = 4771

Router Utilization Summary
  Global Vertical Routing Utilization    = 0 %
  Global Horizontal Routing Utilization  = 0 %
  Routable Net Status*
  *Does not include unroutable nets such as driverless and loadless.
  Run report_route_status for detailed report.
  Number of Failed Nets               = 1744
    (Failed Nets is the sum of unrouted and partially routed nets)
  Number of Unrouted Nets             = 1744
  Number of Partially Routed Nets     = 0
  Number of Node Overlaps             = 0

Phase 2 Router Initialization | Checksum: 265c285c2

Time (s): cpu = 00:00:27 ; elapsed = 00:00:23 . Memory (MB): peak = 3034.230 ; gain = 0.000 ; free physical = 253 ; free virtual = 4767

Phase 3 Global Routing
Phase 3 Global Routing | Checksum: 265c285c2

Time (s): cpu = 00:00:27 ; elapsed = 00:00:23 . Memory (MB): peak = 3034.230 ; gain = 0.000 ; free physical = 253 ; free virtual = 4767

Phase 4 Initial Routing

Phase 4.1 Initial Net Routing Pass
Phase 4.1 Initial Net Routing Pass | Checksum: 22224a1db

Time (s): cpu = 00:00:28 ; elapsed = 00:00:23 . Memory (MB): peak = 3034.230 ; gain = 0.000 ; free physical = 267 ; free virtual = 4770
Phase 4 Initial Routing | Checksum: 22224a1db

Time (s): cpu = 00:00:28 ; elapsed = 00:00:23 . Memory (MB): peak = 3034.230 ; gain = 0.000 ; free physical = 267 ; free virtual = 4770

Phase 5 Rip-up And Reroute

Phase 5.1 Global Iteration 0
 Number of Nodes with overlaps = 40
 Number of Nodes with overlaps = 0
INFO: [Route 35-416] Intermediate Timing Summary | WNS=3.439  | TNS=0.000  | WHS=N/A    | THS=N/A    |

Phase 5.1 Global Iteration 0 | Checksum: 16b4c3988

Time (s): cpu = 00:00:30 ; elapsed = 00:00:24 . Memory (MB): peak = 3034.230 ; gain = 0.000 ; free physical = 264 ; free virtual = 4767

Phase 5.2 Global Iteration 1
 Number of Nodes with overlaps = 2
 Number of Nodes with overlaps = 0
INFO: [Route 35-416] Intermediate Timing Summary | WNS=3.439  | TNS=0.000  | WHS=N/A    | THS=N/A    |

Phase 5.2 Global Iteration 1 | Checksum: 15ff1ff86

Time (s): cpu = 00:00:30 ; elapsed = 00:00:24 . Memory (MB): peak = 3034.230 ; gain = 0.000 ; free physical = 280 ; free virtual = 4783

Phase 5.3 Global Iteration 2
 Number of Nodes with overlaps = 0
INFO: [Route 35-416] Intermediate Timing Summary | WNS=3.439  | TNS=0.000  | WHS=N/A    | THS=N/A    |

Phase 5.3 Global Iteration 2 | Checksum: 22e725a29

Time (s): cpu = 00:00:30 ; elapsed = 00:00:24 . Memory (MB): peak = 3034.230 ; gain = 0.000 ; free physical = 285 ; free virtual = 4788
Phase 5 Rip-up And Reroute | Checksum: 22e725a29

Time (s): cpu = 00:00:30 ; elapsed = 00:00:24 . Memory (MB): peak = 3034.230 ; gain = 0.000 ; free physical = 284 ; free virtual = 4787

Phase 6 Delay and Skew Optimization

Phase 6.1 Delay CleanUp
Phase 6.1 Delay CleanUp | Checksum: 22e725a29

Time (s): cpu = 00:00:30 ; elapsed = 00:00:24 . Memory (MB): peak = 3034.230 ; gain = 0.000 ; free physical = 283 ; free virtual = 4786

Phase 6.2 Clock Skew Optimization
Phase 6.2 Clock Skew Optimization | Checksum: 22e725a29

Time (s): cpu = 00:00:30 ; elapsed = 00:00:24 . Memory (MB): peak = 3034.230 ; gain = 0.000 ; free physical = 283 ; free virtual = 4786
Phase 6 Delay and Skew Optimization | Checksum: 22e725a29

Time (s): cpu = 00:00:30 ; elapsed = 00:00:24 . Memory (MB): peak = 3034.230 ; gain = 0.000 ; free physical = 283 ; free virtual = 4786

Phase 7 Post Hold Fix

Phase 7.1 Hold Fix Iter
INFO: [Route 35-416] Intermediate Timing Summary | WNS=3.439  | TNS=0.000  | WHS=0.036  | THS=0.000  |

Phase 7.1 Hold Fix Iter | Checksum: 2973eb8ec

Time (s): cpu = 00:00:30 ; elapsed = 00:00:24 . Memory (MB): peak = 3034.230 ; gain = 0.000 ; free physical = 275 ; free virtual = 4779
Phase 7 Post Hold Fix | Checksum: 2973eb8ec

Time (s): cpu = 00:00:30 ; elapsed = 00:00:24 . Memory (MB): peak = 3034.230 ; gain = 0.000 ; free physical = 275 ; free virtual = 4779

Phase 8 Route finalize

Router Utilization Summary
  Global Vertical Routing Utilization    = 0.328948 %
  Global Horizontal Routing Utilization  = 0.415539 %
  Routable Net Status*
  *Does not include unroutable nets such as driverless and loadless.
  Run report_route_status for detailed report.
  Number of Failed Nets               = 0
    (Failed Nets is the sum of unrouted and partially routed nets)
  Number of Unrouted Nets             = 0
  Number of Partially Routed Nets     = 0
  Number of Node Overlaps             = 0

Phase 8 Route finalize | Checksum: 2973eb8ec

Time (s): cpu = 00:00:30 ; elapsed = 00:00:24 . Memory (MB): peak = 3034.230 ; gain = 0.000 ; free physical = 272 ; free virtual = 4777

Phase 9 Verifying routed nets

 Verification completed successfully
Phase 9 Verifying routed nets | Checksum: 2973eb8ec

Time (s): cpu = 00:00:30 ; elapsed = 00:00:24 . Memory (MB): peak = 3034.230 ; gain = 0.000 ; free physical = 271 ; free virtual = 4776

Phase 10 Depositing Routes
Phase 10 Depositing Routes | Checksum: 1d1204233

Time (s): cpu = 00:00:30 ; elapsed = 00:00:24 . Memory (MB): peak = 3034.230 ; gain = 0.000 ; free physical = 463 ; free virtual = 4971

Phase 11 Post Process Routing
Phase 11 Post Process Routing | Checksum: 1d1204233

Time (s): cpu = 00:00:30 ; elapsed = 00:00:24 . Memory (MB): peak = 3034.230 ; gain = 0.000 ; free physical = 463 ; free virtual = 4971

Phase 12 Post Router Timing
INFO: [Route 35-57] Estimated Timing Summary | WNS=3.439  | TNS=0.000  | WHS=0.036  | THS=0.000  |

INFO: [Route 35-327] The final timing numbers are based on the router estimated timing analysis. For a complete and accurate timing signoff, please run report_timing_summary.
Phase 12 Post Router Timing | Checksum: 1d1204233

Time (s): cpu = 00:00:30 ; elapsed = 00:00:24 . Memory (MB): peak = 3034.230 ; gain = 0.000 ; free physical = 463 ; free virtual = 4971
Total Elapsed time in route_design: 23.96 secs

Phase 13 Post-Route Event Processing
Phase 13 Post-Route Event Processing | Checksum: 17aa3ecf7

Time (s): cpu = 00:00:31 ; elapsed = 00:00:24 . Memory (MB): peak = 3034.230 ; gain = 0.000 ; free physical = 463 ; free virtual = 4971
INFO: [Route 35-16] Router Completed Successfully
Ending Routing Task | Checksum: 17aa3ecf7

Time (s): cpu = 00:00:31 ; elapsed = 00:00:24 . Memory (MB): peak = 3034.230 ; gain = 0.000 ; free physical = 463 ; free virtual = 4971

Routing Is Done.
INFO: [Common 17-83] Releasing license: Implementation
94 Infos, 0 Warnings, 0 Critical Warnings and 0 Errors encountered.
route_design completed successfully
route_design: Time (s): cpu = 00:00:31 ; elapsed = 00:00:24 . Memory (MB): peak = 3034.230 ; gain = 0.000 ; free physical = 461 ; free virtual = 4970
INFO: [Vivado 12-24828] Executing command : report_drc -file Top_drc_routed.rpt -pb Top_drc_routed.pb -rpx Top_drc_routed.rpx
Command: report_drc -file Top_drc_routed.rpt -pb Top_drc_routed.pb -rpx Top_drc_routed.rpx
INFO: [IP_Flow 19-1839] IP Catalog is up to date.
INFO: [DRC 23-27] Running DRC with 8 threads
INFO: [Vivado_Tcl 2-168] The results of DRC are in file /home/swaggo/Code/Fag/Fag_project/vivado/Basys3Game/Basys3Game.runs/impl_1/Top_drc_routed.rpt.
report_drc completed successfully
INFO: [Vivado 12-24828] Executing command : report_methodology -file Top_methodology_drc_routed.rpt -pb Top_methodology_drc_routed.pb -rpx Top_methodology_drc_routed.rpx
Command: report_methodology -file Top_methodology_drc_routed.rpt -pb Top_methodology_drc_routed.pb -rpx Top_methodology_drc_routed.rpx
INFO: [Timing 38-35] Done setting XDC timing constraints.
INFO: [DRC 23-133] Running Methodology with 8 threads
INFO: [Vivado_Tcl 2-1520] The results of Report Methodology are in file /home/swaggo/Code/Fag/Fag_project/vivado/Basys3Game/Basys3Game.runs/impl_1/Top_methodology_drc_routed.rpt.
report_methodology completed successfully
INFO: [Vivado 12-24828] Executing command : report_timing_summary -max_paths 10 -report_unconstrained -file Top_timing_summary_routed.rpt -pb Top_timing_summary_routed.pb -rpx Top_timing_summary_routed.rpx -warn_on_violation 
INFO: [Timing 38-35] Done setting XDC timing constraints.
INFO: [Timing 38-91] UpdateTimingParams: Speed grade: -1, Delay Type: min_max.
INFO: [Timing 38-191] Multithreading enabled for timing update using a maximum of 8 CPUs
INFO: [Vivado 12-24838] Running report commands "report_bus_skew, report_incremental_reuse, report_route_status" in parallel.
Running report generation with 3 threads.
INFO: [Vivado 12-24828] Executing command : report_incremental_reuse -file Top_incremental_reuse_routed.rpt
INFO: [Vivado_Tcl 4-1062] Incremental flow is disabled. No incremental reuse Info to report.
INFO: [Vivado 12-24828] Executing command : report_route_status -file Top_route_status.rpt -pb Top_route_status.pb
INFO: [Vivado 12-24828] Executing command : report_bus_skew -warn_on_violation -file Top_bus_skew_routed.rpt -pb Top_bus_skew_routed.pb -rpx Top_bus_skew_routed.rpx
INFO: [Timing 38-91] UpdateTimingParams: Speed grade: -1, Delay Type: min_max.
INFO: [Timing 38-191] Multithreading enabled for timing update using a maximum of 8 CPUs
INFO: [Vivado 12-24828] Executing command : report_power -file Top_power_routed.rpt -pb Top_power_summary_routed.pb -rpx Top_power_routed.rpx
Command: report_power -file Top_power_routed.rpt -pb Top_power_summary_routed.pb -rpx Top_power_routed.rpx
Running Vector-less Activity Propagation...

Finished Running Vector-less Activity Propagation
114 Infos, 0 Warnings, 0 Critical Warnings and 0 Errors encountered.
report_power completed successfully
INFO: [Vivado 12-24828] Executing command : report_clock_utilization -file Top_clock_utilization_routed.rpt
generate_parallel_reports: Time (s): cpu = 00:00:33 ; elapsed = 00:00:07 . Memory (MB): peak = 3143.281 ; gain = 109.051 ; free physical = 300 ; free virtual = 4814
INFO: [Timing 38-480] Writing timing data to binary archive.
Write ShapeDB Complete: Time (s): cpu = 00:00:00.03 ; elapsed = 00:00:00.01 . Memory (MB): peak = 3143.281 ; gain = 0.000 ; free physical = 300 ; free virtual = 4814
Wrote PlaceDB: Time (s): cpu = 00:00:00.36 ; elapsed = 00:00:00.12 . Memory (MB): peak = 3143.281 ; gain = 0.000 ; free physical = 298 ; free virtual = 4814
Wrote PulsedLatchDB: Time (s): cpu = 00:00:00 ; elapsed = 00:00:00 . Memory (MB): peak = 3143.281 ; gain = 0.000 ; free physical = 298 ; free virtual = 4814
Writing XDEF routing.
Writing XDEF routing logical nets.
Writing XDEF routing special nets.
Wrote RouteStorage: Time (s): cpu = 00:00:00.07 ; elapsed = 00:00:00.05 . Memory (MB): peak = 3143.281 ; gain = 0.000 ; free physical = 297 ; free virtual = 4814
Wrote Netlist Cache: Time (s): cpu = 00:00:00 ; elapsed = 00:00:00 . Memory (MB): peak = 3143.281 ; gain = 0.000 ; free physical = 297 ; free virtual = 4814
Wrote Device Cache: Time (s): cpu = 00:00:00 ; elapsed = 00:00:00 . Memory (MB): peak = 3143.281 ; gain = 0.000 ; free physical = 297 ; free virtual = 4814
Write Physdb Complete: Time (s): cpu = 00:00:00.43 ; elapsed = 00:00:00.17 . Memory (MB): peak = 3143.281 ; gain = 0.000 ; free physical = 297 ; free virtual = 4814
INFO: [Common 17-1381] The checkpoint '/home/swaggo/Code/Fag/Fag_project/vivado/Basys3Game/Basys3Game.runs/impl_1/Top_routed.dcp' has been generated.
Command: write_bitstream -force Top.bit
Attempting to get a license for feature 'Implementation' and/or device 'xc7a35t'
INFO: [Common 17-349] Got license for feature 'Implementation' and/or device 'xc7a35t'
Running DRC as a precondition to command write_bitstream
INFO: [IP_Flow 19-1839] IP Catalog is up to date.
INFO: [DRC 23-27] Running DRC with 8 threads
INFO: [Vivado 12-3199] DRC finished with 0 Errors
INFO: [Vivado 12-3200] Please refer to the DRC report (report_drc) for more information.
INFO: [Designutils 20-2272] Running write_bitstream with 8 threads.
Loading data files...
Loading site data...
Loading route data...
Processing options...
Creating bitmap...
Creating bitstream...
Bitstream compression saved 9381440 bits.
Writing bitstream ./Top.bit...
INFO: [Vivado 12-1842] Bitgen Completed Successfully.
INFO: [Project 1-1876] WebTalk data collection is mandatory when using a ULT device. To see the specific WebTalk data collected for your design, open the usage_statistics_webtalk.html or usage_statistics_webtalk.xml file in the implementation directory.
INFO: [Common 17-83] Releasing license: Implementation
126 Infos, 0 Warnings, 0 Critical Warnings and 0 Errors encountered.
write_bitstream completed successfully
write_bitstream: Time (s): cpu = 00:00:29 ; elapsed = 00:00:18 . Memory (MB): peak = 3349.945 ; gain = 206.664 ; free physical = 228 ; free virtual = 4224
INFO: [Common 17-206] Exiting Vivado at Sat Jun 21 20:44:49 2025...
