[0m[[0m[0mdebug[0m] [0m[0m> Exec(run, Some(1c6be934-5dae-4b37-bb48-d561e103c39e), Some(CommandSource(console0)))[0m
[0m[[0m[0mdebug[0m] [0m[0mEvaluating tasks: Compile / run[0m
[0m[[0m[0mdebug[0m] [0m[0mRunning task... Cancel: Signal, check cycles: false, forcegc: true[0m
[0m[[0m[0minfo[0m] [0m[0mcompiling 4 Scala sources to /home/swaggo/Code/Fag/fag_project_tests/target/scala-2.12/classes ...[0m
[0m[[0m[31merror[0m] [0m[0m/home/swaggo/Code/Fag/fag_project_tests/src/main/scala/GraphicEngineVGA.scala:340:20: value spriteXPosition is not a member of chisel3.Bundle{val spriteOpacityLevel: chisel3.Vec[chisel3.UInt]; val pixelColorBack: chisel3.UInt; val spriteVisibleReg: chisel3.Vec[chisel3.Bool]; val inSprite: chisel3.Vec[chisel3.Bool]; val datareader: chisel3.Vec[chisel3.UInt]; val vgaRed: chisel3.UInt; val vgaGreen: chisel3.UInt; val vgaBlue: chisel3.UInt}[0m
[0m[[0m[31merror[0m] [0m[0m  spriteBlender.io.spriteXPosition:=spriteXPositionReg[0m
[0m[[0m[31merror[0m] [0m[0m                   ^[0m
[0m[[0m[31merror[0m] [0m[0m/home/swaggo/Code/Fag/fag_project_tests/src/main/scala/GraphicEngineVGA.scala:341:20: value spriteYPosition is not a member of chisel3.Bundle{val spriteOpacityLevel: chisel3.Vec[chisel3.UInt]; val pixelColorBack: chisel3.UInt; val spriteVisibleReg: chisel3.Vec[chisel3.Bool]; val inSprite: chisel3.Vec[chisel3.Bool]; val datareader: chisel3.Vec[chisel3.UInt]; val vgaRed: chisel3.UInt; val vgaGreen: chisel3.UInt; val vgaBlue: chisel3.UInt}[0m
[0m[[0m[31merror[0m] [0m[0m  spriteBlender.io.spriteYPosition:=spriteYPositionReg[0m
[0m[[0m[31merror[0m] [0m[0m                   ^[0m
[0m[[0m[31merror[0m] [0m[0m/home/swaggo/Code/Fag/fag_project_tests/src/main/scala/GraphicEngineVGA.scala:342:20: value pixelX is not a member of chisel3.Bundle{val spriteOpacityLevel: chisel3.Vec[chisel3.UInt]; val pixelColorBack: chisel3.UInt; val spriteVisibleReg: chisel3.Vec[chisel3.Bool]; val inSprite: chisel3.Vec[chisel3.Bool]; val datareader: chisel3.Vec[chisel3.UInt]; val vgaRed: chisel3.UInt; val vgaGreen: chisel3.UInt; val vgaBlue: chisel3.UInt}[0m
[0m[[0m[31merror[0m] [0m[0m  spriteBlender.io.pixelX:=pixelX[0m
[0m[[0m[31merror[0m] [0m[0m                   ^[0m
[0m[[0m[31merror[0m] [0m[0m/home/swaggo/Code/Fag/fag_project_tests/src/main/scala/GraphicEngineVGA.scala:343:20: value pixelY is not a member of chisel3.Bundle{val spriteOpacityLevel: chisel3.Vec[chisel3.UInt]; val pixelColorBack: chisel3.UInt; val spriteVisibleReg: chisel3.Vec[chisel3.Bool]; val inSprite: chisel3.Vec[chisel3.Bool]; val datareader: chisel3.Vec[chisel3.UInt]; val vgaRed: chisel3.UInt; val vgaGreen: chisel3.UInt; val vgaBlue: chisel3.UInt}[0m
[0m[[0m[31merror[0m] [0m[0m  spriteBlender.io.pixelY:=pixelY[0m
[0m[[0m[31merror[0m] [0m[0m                   ^[0m
[0m[[0m[31merror[0m] [0m[0m/home/swaggo/Code/Fag/fag_project_tests/src/main/scala/GraphicEngineVGA.scala:408:22: value spritePixelAddr is not a member of chisel3.Bundle{val spriteOpacityLevel: chisel3.Vec[chisel3.UInt]; val pixelColorBack: chisel3.UInt; val spriteVisibleReg: chisel3.Vec[chisel3.Bool]; val inSprite: chisel3.Vec[chisel3.Bool]; val datareader: chisel3.Vec[chisel3.UInt]; val vgaRed: chisel3.UInt; val vgaGreen: chisel3.UInt; val vgaBlue: chisel3.UInt}[0m
[0m[[0m[31merror[0m] [0m[0m    spriteBlender.io.spritePixelAddr(i):= Mux(inSprite(i), (pixelY-spriteYPositionReg(i).asUInt )*32.U+ (pixelX-spriteXPositionReg(i).asUInt),0.U)[0m
[0m[[0m[31merror[0m] [0m[0m                     ^[0m
[0m[[0m[31merror[0m] [0m[0m/home/swaggo/Code/Fag/fag_project_tests/src/main/scala/SpriteBlender.scala:47:56: value indexOutput is not a member of chisel3.Bundle{val dataInput: chisel3.Vec[chisel3.UInt]; val selectInput: chisel3.Vec[chisel3.Bool]; val dataOutput: chisel3.UInt; val selectOutput: chisel3.Bool}[0m
[0m[[0m[31merror[0m] [0m[0m  val topSpriteIndex = multiHotPriortyReductionTree.io.indexOutput[0m
[0m[[0m[31merror[0m] [0m[0m                                                       ^[0m
[0m[[0m[31merror[0m] [0m[0m6 errors found[0m
[0m[[0m[31merror[0m] [0m[0m(Compile / [31mcompileIncremental[0m) Compilation failed[0m
[0m[[0m[31merror[0m] [0m[0mTotal time: 1 s, completed Jun 23, 2025 2:58:29 PM[0m
[0m[[0m[0mdebug[0m] [0m[0m> Exec(shell, None, None)[0m
