
*** Running vivado
    with args -log Top.vds -m64 -product Vivado -mode batch -messageDb vivado.pb -notrace -source Top.tcl



****** Vivado v2023.2 (64-bit)
  **** SW Build 4029153 on Fri Oct 13 20:14:34 MDT 2023
  **** IP Build 4028589 on Sat Oct 14 00:45:43 MDT 2023
  **** SharedData Build 4025554 on Tue Oct 10 17:18:54 MDT 2023
    ** Copyright 1986-2022 Xilinx, Inc. All Rights Reserved.
    ** Copyright 2022-2023 Advanced Micro Devices, Inc. All Rights Reserved.

source Top.tcl -notrace
create_project: Time (s): cpu = 00:00:06 ; elapsed = 00:00:09 . Memory (MB): peak = 554.012 ; gain = 182.332
Command: synth_design -top Top -part xc7a35tcpg236-1
Starting synth_design
Attempting to get a license for feature 'Synthesis' and/or device 'xc7a35t'
INFO: [Common 17-349] Got license for feature 'Synthesis' and/or device 'xc7a35t'
INFO: [Device 21-403] Loading part xc7a35tcpg236-1
INFO: [Synth 8-7079] Multithreading enabled for synth_design using a maximum of 2 processes.
INFO: [Synth 8-7078] Launching helper process for spawning children vivado processes
INFO: [Synth 8-7075] Helper process launched with PID 16624
---------------------------------------------------------------------------------
Starting RTL Elaboration : Time (s): cpu = 00:00:05 ; elapsed = 00:00:07 . Memory (MB): peak = 1391.059 ; gain = 438.824
---------------------------------------------------------------------------------
INFO: [Synth 8-6157] synthesizing module 'Top' [C:/Users/soren/Fag_project/Top.v:8834]
INFO: [Synth 8-6157] synthesizing module 'GameTop' [C:/Users/soren/Fag_project/Top.v:8247]
INFO: [Synth 8-6157] synthesizing module 'GraphicEngineVGA' [C:/Users/soren/Fag_project/Top.v:1396]
INFO: [Synth 8-6157] synthesizing module 'Memory' [C:/Users/soren/Fag_project/Top.v:1]
INFO: [Synth 8-6157] synthesizing module 'RamInitSpWf' [C:/Users/soren/Fag_project/RamInitSpWf.v:11]
	Parameter ADDR_WIDTH bound to: 10 - type: integer 
	Parameter DATA_WIDTH bound to: 7 - type: integer 
	Parameter LOAD_FILE bound to: memory_init/backtile_init_0.mem - type: string 
INFO: [Synth 8-3876] $readmem data file 'memory_init/backtile_init_0.mem' is read successfully [C:/Users/soren/Fag_project/RamInitSpWf.v:34]
INFO: [Synth 8-6155] done synthesizing module 'RamInitSpWf' (0#1) [C:/Users/soren/Fag_project/RamInitSpWf.v:11]
INFO: [Synth 8-6155] done synthesizing module 'Memory' (0#1) [C:/Users/soren/Fag_project/Top.v:1]
INFO: [Synth 8-6157] synthesizing module 'Memory_1' [C:/Users/soren/Fag_project/Top.v:27]
INFO: [Synth 8-6157] synthesizing module 'RamInitSpWf__parameterized0' [C:/Users/soren/Fag_project/RamInitSpWf.v:11]
	Parameter ADDR_WIDTH bound to: 10 - type: integer 
	Parameter DATA_WIDTH bound to: 7 - type: integer 
	Parameter LOAD_FILE bound to: memory_init/backtile_init_1.mem - type: string 
INFO: [Synth 8-3876] $readmem data file 'memory_init/backtile_init_1.mem' is read successfully [C:/Users/soren/Fag_project/RamInitSpWf.v:34]
INFO: [Synth 8-6155] done synthesizing module 'RamInitSpWf__parameterized0' (0#1) [C:/Users/soren/Fag_project/RamInitSpWf.v:11]
INFO: [Synth 8-6155] done synthesizing module 'Memory_1' (0#1) [C:/Users/soren/Fag_project/Top.v:27]
INFO: [Synth 8-6157] synthesizing module 'Memory_2' [C:/Users/soren/Fag_project/Top.v:53]
INFO: [Synth 8-6157] synthesizing module 'RamInitSpWf__parameterized1' [C:/Users/soren/Fag_project/RamInitSpWf.v:11]
	Parameter ADDR_WIDTH bound to: 10 - type: integer 
	Parameter DATA_WIDTH bound to: 7 - type: integer 
	Parameter LOAD_FILE bound to: memory_init/backtile_init_2.mem - type: string 
INFO: [Synth 8-3876] $readmem data file 'memory_init/backtile_init_2.mem' is read successfully [C:/Users/soren/Fag_project/RamInitSpWf.v:34]
INFO: [Synth 8-6155] done synthesizing module 'RamInitSpWf__parameterized1' (0#1) [C:/Users/soren/Fag_project/RamInitSpWf.v:11]
INFO: [Synth 8-6155] done synthesizing module 'Memory_2' (0#1) [C:/Users/soren/Fag_project/Top.v:53]
INFO: [Synth 8-6157] synthesizing module 'Memory_3' [C:/Users/soren/Fag_project/Top.v:79]
INFO: [Synth 8-6157] synthesizing module 'RamInitSpWf__parameterized2' [C:/Users/soren/Fag_project/RamInitSpWf.v:11]
	Parameter ADDR_WIDTH bound to: 10 - type: integer 
	Parameter DATA_WIDTH bound to: 7 - type: integer 
	Parameter LOAD_FILE bound to: memory_init/backtile_init_3.mem - type: string 
INFO: [Synth 8-3876] $readmem data file 'memory_init/backtile_init_3.mem' is read successfully [C:/Users/soren/Fag_project/RamInitSpWf.v:34]
INFO: [Synth 8-6155] done synthesizing module 'RamInitSpWf__parameterized2' (0#1) [C:/Users/soren/Fag_project/RamInitSpWf.v:11]
INFO: [Synth 8-6155] done synthesizing module 'Memory_3' (0#1) [C:/Users/soren/Fag_project/Top.v:79]
INFO: [Synth 8-6157] synthesizing module 'Memory_4' [C:/Users/soren/Fag_project/Top.v:105]
INFO: [Synth 8-6157] synthesizing module 'RamInitSpWf__parameterized3' [C:/Users/soren/Fag_project/RamInitSpWf.v:11]
	Parameter ADDR_WIDTH bound to: 10 - type: integer 
	Parameter DATA_WIDTH bound to: 7 - type: integer 
	Parameter LOAD_FILE bound to: memory_init/backtile_init_4.mem - type: string 
INFO: [Synth 8-3876] $readmem data file 'memory_init/backtile_init_4.mem' is read successfully [C:/Users/soren/Fag_project/RamInitSpWf.v:34]
INFO: [Synth 8-6155] done synthesizing module 'RamInitSpWf__parameterized3' (0#1) [C:/Users/soren/Fag_project/RamInitSpWf.v:11]
INFO: [Synth 8-6155] done synthesizing module 'Memory_4' (0#1) [C:/Users/soren/Fag_project/Top.v:105]
INFO: [Synth 8-6157] synthesizing module 'Memory_5' [C:/Users/soren/Fag_project/Top.v:131]
INFO: [Synth 8-6157] synthesizing module 'RamInitSpWf__parameterized4' [C:/Users/soren/Fag_project/RamInitSpWf.v:11]
	Parameter ADDR_WIDTH bound to: 10 - type: integer 
	Parameter DATA_WIDTH bound to: 7 - type: integer 
	Parameter LOAD_FILE bound to: memory_init/backtile_init_5.mem - type: string 
INFO: [Synth 8-3876] $readmem data file 'memory_init/backtile_init_5.mem' is read successfully [C:/Users/soren/Fag_project/RamInitSpWf.v:34]
INFO: [Synth 8-6155] done synthesizing module 'RamInitSpWf__parameterized4' (0#1) [C:/Users/soren/Fag_project/RamInitSpWf.v:11]
INFO: [Synth 8-6155] done synthesizing module 'Memory_5' (0#1) [C:/Users/soren/Fag_project/Top.v:131]
INFO: [Synth 8-6157] synthesizing module 'Memory_6' [C:/Users/soren/Fag_project/Top.v:157]
INFO: [Synth 8-6157] synthesizing module 'RamInitSpWf__parameterized5' [C:/Users/soren/Fag_project/RamInitSpWf.v:11]
	Parameter ADDR_WIDTH bound to: 10 - type: integer 
	Parameter DATA_WIDTH bound to: 7 - type: integer 
	Parameter LOAD_FILE bound to: memory_init/backtile_init_6.mem - type: string 
INFO: [Synth 8-3876] $readmem data file 'memory_init/backtile_init_6.mem' is read successfully [C:/Users/soren/Fag_project/RamInitSpWf.v:34]
INFO: [Synth 8-6155] done synthesizing module 'RamInitSpWf__parameterized5' (0#1) [C:/Users/soren/Fag_project/RamInitSpWf.v:11]
INFO: [Synth 8-6155] done synthesizing module 'Memory_6' (0#1) [C:/Users/soren/Fag_project/Top.v:157]
INFO: [Synth 8-6157] synthesizing module 'Memory_7' [C:/Users/soren/Fag_project/Top.v:183]
INFO: [Synth 8-6157] synthesizing module 'RamInitSpWf__parameterized6' [C:/Users/soren/Fag_project/RamInitSpWf.v:11]
	Parameter ADDR_WIDTH bound to: 10 - type: integer 
	Parameter DATA_WIDTH bound to: 7 - type: integer 
	Parameter LOAD_FILE bound to: memory_init/backtile_init_7.mem - type: string 
INFO: [Synth 8-3876] $readmem data file 'memory_init/backtile_init_7.mem' is read successfully [C:/Users/soren/Fag_project/RamInitSpWf.v:34]
INFO: [Synth 8-6155] done synthesizing module 'RamInitSpWf__parameterized6' (0#1) [C:/Users/soren/Fag_project/RamInitSpWf.v:11]
INFO: [Synth 8-6155] done synthesizing module 'Memory_7' (0#1) [C:/Users/soren/Fag_project/Top.v:183]
INFO: [Synth 8-6157] synthesizing module 'Memory_8' [C:/Users/soren/Fag_project/Top.v:209]
INFO: [Synth 8-6157] synthesizing module 'RamInitSpWf__parameterized7' [C:/Users/soren/Fag_project/RamInitSpWf.v:11]
	Parameter ADDR_WIDTH bound to: 10 - type: integer 
	Parameter DATA_WIDTH bound to: 7 - type: integer 
	Parameter LOAD_FILE bound to: memory_init/backtile_init_8.mem - type: string 
INFO: [Synth 8-3876] $readmem data file 'memory_init/backtile_init_8.mem' is read successfully [C:/Users/soren/Fag_project/RamInitSpWf.v:34]
INFO: [Synth 8-6155] done synthesizing module 'RamInitSpWf__parameterized7' (0#1) [C:/Users/soren/Fag_project/RamInitSpWf.v:11]
INFO: [Synth 8-6155] done synthesizing module 'Memory_8' (0#1) [C:/Users/soren/Fag_project/Top.v:209]
INFO: [Synth 8-6157] synthesizing module 'Memory_9' [C:/Users/soren/Fag_project/Top.v:235]
INFO: [Synth 8-6157] synthesizing module 'RamInitSpWf__parameterized8' [C:/Users/soren/Fag_project/RamInitSpWf.v:11]
	Parameter ADDR_WIDTH bound to: 10 - type: integer 
	Parameter DATA_WIDTH bound to: 7 - type: integer 
	Parameter LOAD_FILE bound to: memory_init/backtile_init_9.mem - type: string 
INFO: [Synth 8-3876] $readmem data file 'memory_init/backtile_init_9.mem' is read successfully [C:/Users/soren/Fag_project/RamInitSpWf.v:34]
INFO: [Synth 8-6155] done synthesizing module 'RamInitSpWf__parameterized8' (0#1) [C:/Users/soren/Fag_project/RamInitSpWf.v:11]
INFO: [Synth 8-6155] done synthesizing module 'Memory_9' (0#1) [C:/Users/soren/Fag_project/Top.v:235]
INFO: [Synth 8-6157] synthesizing module 'Memory_10' [C:/Users/soren/Fag_project/Top.v:261]
INFO: [Synth 8-6157] synthesizing module 'RamInitSpWf__parameterized9' [C:/Users/soren/Fag_project/RamInitSpWf.v:11]
	Parameter ADDR_WIDTH bound to: 10 - type: integer 
	Parameter DATA_WIDTH bound to: 7 - type: integer 
	Parameter LOAD_FILE bound to: memory_init/backtile_init_10.mem - type: string 
INFO: [Synth 8-3876] $readmem data file 'memory_init/backtile_init_10.mem' is read successfully [C:/Users/soren/Fag_project/RamInitSpWf.v:34]
INFO: [Synth 8-6155] done synthesizing module 'RamInitSpWf__parameterized9' (0#1) [C:/Users/soren/Fag_project/RamInitSpWf.v:11]
INFO: [Synth 8-6155] done synthesizing module 'Memory_10' (0#1) [C:/Users/soren/Fag_project/Top.v:261]
INFO: [Synth 8-6157] synthesizing module 'Memory_11' [C:/Users/soren/Fag_project/Top.v:287]
INFO: [Synth 8-6157] synthesizing module 'RamInitSpWf__parameterized10' [C:/Users/soren/Fag_project/RamInitSpWf.v:11]
	Parameter ADDR_WIDTH bound to: 10 - type: integer 
	Parameter DATA_WIDTH bound to: 7 - type: integer 
	Parameter LOAD_FILE bound to: memory_init/backtile_init_11.mem - type: string 
INFO: [Synth 8-3876] $readmem data file 'memory_init/backtile_init_11.mem' is read successfully [C:/Users/soren/Fag_project/RamInitSpWf.v:34]
INFO: [Synth 8-6155] done synthesizing module 'RamInitSpWf__parameterized10' (0#1) [C:/Users/soren/Fag_project/RamInitSpWf.v:11]
INFO: [Synth 8-6155] done synthesizing module 'Memory_11' (0#1) [C:/Users/soren/Fag_project/Top.v:287]
INFO: [Synth 8-6157] synthesizing module 'Memory_12' [C:/Users/soren/Fag_project/Top.v:313]
INFO: [Synth 8-6157] synthesizing module 'RamInitSpWf__parameterized11' [C:/Users/soren/Fag_project/RamInitSpWf.v:11]
	Parameter ADDR_WIDTH bound to: 10 - type: integer 
	Parameter DATA_WIDTH bound to: 7 - type: integer 
	Parameter LOAD_FILE bound to: memory_init/backtile_init_12.mem - type: string 
INFO: [Synth 8-3876] $readmem data file 'memory_init/backtile_init_12.mem' is read successfully [C:/Users/soren/Fag_project/RamInitSpWf.v:34]
INFO: [Synth 8-6155] done synthesizing module 'RamInitSpWf__parameterized11' (0#1) [C:/Users/soren/Fag_project/RamInitSpWf.v:11]
INFO: [Synth 8-6155] done synthesizing module 'Memory_12' (0#1) [C:/Users/soren/Fag_project/Top.v:313]
INFO: [Synth 8-6157] synthesizing module 'Memory_13' [C:/Users/soren/Fag_project/Top.v:339]
INFO: [Synth 8-6157] synthesizing module 'RamInitSpWf__parameterized12' [C:/Users/soren/Fag_project/RamInitSpWf.v:11]
	Parameter ADDR_WIDTH bound to: 10 - type: integer 
	Parameter DATA_WIDTH bound to: 7 - type: integer 
	Parameter LOAD_FILE bound to: memory_init/backtile_init_13.mem - type: string 
INFO: [Synth 8-3876] $readmem data file 'memory_init/backtile_init_13.mem' is read successfully [C:/Users/soren/Fag_project/RamInitSpWf.v:34]
INFO: [Synth 8-6155] done synthesizing module 'RamInitSpWf__parameterized12' (0#1) [C:/Users/soren/Fag_project/RamInitSpWf.v:11]
INFO: [Synth 8-6155] done synthesizing module 'Memory_13' (0#1) [C:/Users/soren/Fag_project/Top.v:339]
INFO: [Synth 8-6157] synthesizing module 'Memory_14' [C:/Users/soren/Fag_project/Top.v:365]
INFO: [Synth 8-6157] synthesizing module 'RamInitSpWf__parameterized13' [C:/Users/soren/Fag_project/RamInitSpWf.v:11]
	Parameter ADDR_WIDTH bound to: 10 - type: integer 
	Parameter DATA_WIDTH bound to: 7 - type: integer 
	Parameter LOAD_FILE bound to: memory_init/backtile_init_14.mem - type: string 
INFO: [Synth 8-3876] $readmem data file 'memory_init/backtile_init_14.mem' is read successfully [C:/Users/soren/Fag_project/RamInitSpWf.v:34]
INFO: [Synth 8-6155] done synthesizing module 'RamInitSpWf__parameterized13' (0#1) [C:/Users/soren/Fag_project/RamInitSpWf.v:11]
INFO: [Synth 8-6155] done synthesizing module 'Memory_14' (0#1) [C:/Users/soren/Fag_project/Top.v:365]
INFO: [Synth 8-6157] synthesizing module 'Memory_15' [C:/Users/soren/Fag_project/Top.v:391]
INFO: [Synth 8-6157] synthesizing module 'RamInitSpWf__parameterized14' [C:/Users/soren/Fag_project/RamInitSpWf.v:11]
	Parameter ADDR_WIDTH bound to: 10 - type: integer 
	Parameter DATA_WIDTH bound to: 7 - type: integer 
	Parameter LOAD_FILE bound to: memory_init/backtile_init_15.mem - type: string 
INFO: [Synth 8-3876] $readmem data file 'memory_init/backtile_init_15.mem' is read successfully [C:/Users/soren/Fag_project/RamInitSpWf.v:34]
INFO: [Synth 8-6155] done synthesizing module 'RamInitSpWf__parameterized14' (0#1) [C:/Users/soren/Fag_project/RamInitSpWf.v:11]
INFO: [Synth 8-6155] done synthesizing module 'Memory_15' (0#1) [C:/Users/soren/Fag_project/Top.v:391]
INFO: [Synth 8-6157] synthesizing module 'Memory_16' [C:/Users/soren/Fag_project/Top.v:417]
INFO: [Synth 8-6157] synthesizing module 'RamInitSpWf__parameterized15' [C:/Users/soren/Fag_project/RamInitSpWf.v:11]
	Parameter ADDR_WIDTH bound to: 10 - type: integer 
	Parameter DATA_WIDTH bound to: 7 - type: integer 
	Parameter LOAD_FILE bound to: memory_init/backtile_init_16.mem - type: string 
INFO: [Synth 8-3876] $readmem data file 'memory_init/backtile_init_16.mem' is read successfully [C:/Users/soren/Fag_project/RamInitSpWf.v:34]
INFO: [Synth 8-6155] done synthesizing module 'RamInitSpWf__parameterized15' (0#1) [C:/Users/soren/Fag_project/RamInitSpWf.v:11]
INFO: [Synth 8-6155] done synthesizing module 'Memory_16' (0#1) [C:/Users/soren/Fag_project/Top.v:417]
INFO: [Synth 8-6157] synthesizing module 'Memory_17' [C:/Users/soren/Fag_project/Top.v:443]
INFO: [Synth 8-6157] synthesizing module 'RamInitSpWf__parameterized16' [C:/Users/soren/Fag_project/RamInitSpWf.v:11]
	Parameter ADDR_WIDTH bound to: 10 - type: integer 
	Parameter DATA_WIDTH bound to: 7 - type: integer 
	Parameter LOAD_FILE bound to: memory_init/backtile_init_17.mem - type: string 
INFO: [Synth 8-3876] $readmem data file 'memory_init/backtile_init_17.mem' is read successfully [C:/Users/soren/Fag_project/RamInitSpWf.v:34]
INFO: [Synth 8-6155] done synthesizing module 'RamInitSpWf__parameterized16' (0#1) [C:/Users/soren/Fag_project/RamInitSpWf.v:11]
INFO: [Synth 8-6155] done synthesizing module 'Memory_17' (0#1) [C:/Users/soren/Fag_project/Top.v:443]
INFO: [Synth 8-6157] synthesizing module 'Memory_18' [C:/Users/soren/Fag_project/Top.v:469]
INFO: [Synth 8-6157] synthesizing module 'RamInitSpWf__parameterized17' [C:/Users/soren/Fag_project/RamInitSpWf.v:11]
	Parameter ADDR_WIDTH bound to: 10 - type: integer 
	Parameter DATA_WIDTH bound to: 7 - type: integer 
	Parameter LOAD_FILE bound to: memory_init/backtile_init_18.mem - type: string 
INFO: [Synth 8-3876] $readmem data file 'memory_init/backtile_init_18.mem' is read successfully [C:/Users/soren/Fag_project/RamInitSpWf.v:34]
INFO: [Synth 8-6155] done synthesizing module 'RamInitSpWf__parameterized17' (0#1) [C:/Users/soren/Fag_project/RamInitSpWf.v:11]
INFO: [Synth 8-6155] done synthesizing module 'Memory_18' (0#1) [C:/Users/soren/Fag_project/Top.v:469]
INFO: [Synth 8-6157] synthesizing module 'Memory_19' [C:/Users/soren/Fag_project/Top.v:495]
INFO: [Synth 8-6157] synthesizing module 'RamInitSpWf__parameterized18' [C:/Users/soren/Fag_project/RamInitSpWf.v:11]
	Parameter ADDR_WIDTH bound to: 10 - type: integer 
	Parameter DATA_WIDTH bound to: 7 - type: integer 
	Parameter LOAD_FILE bound to: memory_init/backtile_init_19.mem - type: string 
INFO: [Synth 8-3876] $readmem data file 'memory_init/backtile_init_19.mem' is read successfully [C:/Users/soren/Fag_project/RamInitSpWf.v:34]
INFO: [Synth 8-6155] done synthesizing module 'RamInitSpWf__parameterized18' (0#1) [C:/Users/soren/Fag_project/RamInitSpWf.v:11]
INFO: [Synth 8-6155] done synthesizing module 'Memory_19' (0#1) [C:/Users/soren/Fag_project/Top.v:495]
INFO: [Synth 8-6157] synthesizing module 'Memory_20' [C:/Users/soren/Fag_project/Top.v:521]
INFO: [Synth 8-6157] synthesizing module 'RamInitSpWf__parameterized19' [C:/Users/soren/Fag_project/RamInitSpWf.v:11]
	Parameter ADDR_WIDTH bound to: 10 - type: integer 
	Parameter DATA_WIDTH bound to: 7 - type: integer 
	Parameter LOAD_FILE bound to: memory_init/backtile_init_20.mem - type: string 
INFO: [Synth 8-3876] $readmem data file 'memory_init/backtile_init_20.mem' is read successfully [C:/Users/soren/Fag_project/RamInitSpWf.v:34]
INFO: [Synth 8-6155] done synthesizing module 'RamInitSpWf__parameterized19' (0#1) [C:/Users/soren/Fag_project/RamInitSpWf.v:11]
INFO: [Synth 8-6155] done synthesizing module 'Memory_20' (0#1) [C:/Users/soren/Fag_project/Top.v:521]
INFO: [Synth 8-6157] synthesizing module 'Memory_21' [C:/Users/soren/Fag_project/Top.v:547]
INFO: [Synth 8-6157] synthesizing module 'RamInitSpWf__parameterized20' [C:/Users/soren/Fag_project/RamInitSpWf.v:11]
	Parameter ADDR_WIDTH bound to: 10 - type: integer 
	Parameter DATA_WIDTH bound to: 7 - type: integer 
	Parameter LOAD_FILE bound to: memory_init/backtile_init_21.mem - type: string 
INFO: [Synth 8-3876] $readmem data file 'memory_init/backtile_init_21.mem' is read successfully [C:/Users/soren/Fag_project/RamInitSpWf.v:34]
INFO: [Synth 8-6155] done synthesizing module 'RamInitSpWf__parameterized20' (0#1) [C:/Users/soren/Fag_project/RamInitSpWf.v:11]
INFO: [Synth 8-6155] done synthesizing module 'Memory_21' (0#1) [C:/Users/soren/Fag_project/Top.v:547]
INFO: [Synth 8-6157] synthesizing module 'Memory_22' [C:/Users/soren/Fag_project/Top.v:573]
INFO: [Synth 8-6157] synthesizing module 'RamInitSpWf__parameterized21' [C:/Users/soren/Fag_project/RamInitSpWf.v:11]
	Parameter ADDR_WIDTH bound to: 10 - type: integer 
	Parameter DATA_WIDTH bound to: 7 - type: integer 
	Parameter LOAD_FILE bound to: memory_init/backtile_init_22.mem - type: string 
INFO: [Synth 8-3876] $readmem data file 'memory_init/backtile_init_22.mem' is read successfully [C:/Users/soren/Fag_project/RamInitSpWf.v:34]
INFO: [Synth 8-6155] done synthesizing module 'RamInitSpWf__parameterized21' (0#1) [C:/Users/soren/Fag_project/RamInitSpWf.v:11]
INFO: [Synth 8-6155] done synthesizing module 'Memory_22' (0#1) [C:/Users/soren/Fag_project/Top.v:573]
INFO: [Synth 8-6157] synthesizing module 'Memory_23' [C:/Users/soren/Fag_project/Top.v:599]
INFO: [Synth 8-6157] synthesizing module 'RamInitSpWf__parameterized22' [C:/Users/soren/Fag_project/RamInitSpWf.v:11]
	Parameter ADDR_WIDTH bound to: 10 - type: integer 
	Parameter DATA_WIDTH bound to: 7 - type: integer 
	Parameter LOAD_FILE bound to: memory_init/backtile_init_23.mem - type: string 
INFO: [Synth 8-3876] $readmem data file 'memory_init/backtile_init_23.mem' is read successfully [C:/Users/soren/Fag_project/RamInitSpWf.v:34]
INFO: [Synth 8-6155] done synthesizing module 'RamInitSpWf__parameterized22' (0#1) [C:/Users/soren/Fag_project/RamInitSpWf.v:11]
INFO: [Synth 8-6155] done synthesizing module 'Memory_23' (0#1) [C:/Users/soren/Fag_project/Top.v:599]
INFO: [Synth 8-6157] synthesizing module 'Memory_24' [C:/Users/soren/Fag_project/Top.v:625]
INFO: [Synth 8-6157] synthesizing module 'RamInitSpWf__parameterized23' [C:/Users/soren/Fag_project/RamInitSpWf.v:11]
	Parameter ADDR_WIDTH bound to: 10 - type: integer 
	Parameter DATA_WIDTH bound to: 7 - type: integer 
	Parameter LOAD_FILE bound to: memory_init/backtile_init_24.mem - type: string 
INFO: [Synth 8-3876] $readmem data file 'memory_init/backtile_init_24.mem' is read successfully [C:/Users/soren/Fag_project/RamInitSpWf.v:34]
INFO: [Synth 8-6155] done synthesizing module 'RamInitSpWf__parameterized23' (0#1) [C:/Users/soren/Fag_project/RamInitSpWf.v:11]
INFO: [Synth 8-6155] done synthesizing module 'Memory_24' (0#1) [C:/Users/soren/Fag_project/Top.v:625]
INFO: [Synth 8-6157] synthesizing module 'Memory_25' [C:/Users/soren/Fag_project/Top.v:651]
INFO: [Synth 8-6157] synthesizing module 'RamInitSpWf__parameterized24' [C:/Users/soren/Fag_project/RamInitSpWf.v:11]
	Parameter ADDR_WIDTH bound to: 10 - type: integer 
	Parameter DATA_WIDTH bound to: 7 - type: integer 
	Parameter LOAD_FILE bound to: memory_init/backtile_init_25.mem - type: string 
INFO: [Synth 8-3876] $readmem data file 'memory_init/backtile_init_25.mem' is read successfully [C:/Users/soren/Fag_project/RamInitSpWf.v:34]
INFO: [Synth 8-6155] done synthesizing module 'RamInitSpWf__parameterized24' (0#1) [C:/Users/soren/Fag_project/RamInitSpWf.v:11]
INFO: [Synth 8-6155] done synthesizing module 'Memory_25' (0#1) [C:/Users/soren/Fag_project/Top.v:651]
INFO: [Synth 8-6157] synthesizing module 'Memory_26' [C:/Users/soren/Fag_project/Top.v:677]
INFO: [Synth 8-6157] synthesizing module 'RamInitSpWf__parameterized25' [C:/Users/soren/Fag_project/RamInitSpWf.v:11]
	Parameter ADDR_WIDTH bound to: 10 - type: integer 
	Parameter DATA_WIDTH bound to: 7 - type: integer 
	Parameter LOAD_FILE bound to: memory_init/backtile_init_26.mem - type: string 
INFO: [Synth 8-3876] $readmem data file 'memory_init/backtile_init_26.mem' is read successfully [C:/Users/soren/Fag_project/RamInitSpWf.v:34]
INFO: [Synth 8-6155] done synthesizing module 'RamInitSpWf__parameterized25' (0#1) [C:/Users/soren/Fag_project/RamInitSpWf.v:11]
INFO: [Synth 8-6155] done synthesizing module 'Memory_26' (0#1) [C:/Users/soren/Fag_project/Top.v:677]
INFO: [Synth 8-6157] synthesizing module 'Memory_27' [C:/Users/soren/Fag_project/Top.v:703]
INFO: [Synth 8-6157] synthesizing module 'RamInitSpWf__parameterized26' [C:/Users/soren/Fag_project/RamInitSpWf.v:11]
	Parameter ADDR_WIDTH bound to: 10 - type: integer 
	Parameter DATA_WIDTH bound to: 7 - type: integer 
	Parameter LOAD_FILE bound to: memory_init/backtile_init_27.mem - type: string 
INFO: [Synth 8-3876] $readmem data file 'memory_init/backtile_init_27.mem' is read successfully [C:/Users/soren/Fag_project/RamInitSpWf.v:34]
INFO: [Synth 8-6155] done synthesizing module 'RamInitSpWf__parameterized26' (0#1) [C:/Users/soren/Fag_project/RamInitSpWf.v:11]
INFO: [Synth 8-6155] done synthesizing module 'Memory_27' (0#1) [C:/Users/soren/Fag_project/Top.v:703]
INFO: [Synth 8-6157] synthesizing module 'Memory_28' [C:/Users/soren/Fag_project/Top.v:729]
INFO: [Synth 8-6157] synthesizing module 'RamInitSpWf__parameterized27' [C:/Users/soren/Fag_project/RamInitSpWf.v:11]
	Parameter ADDR_WIDTH bound to: 10 - type: integer 
	Parameter DATA_WIDTH bound to: 7 - type: integer 
	Parameter LOAD_FILE bound to: memory_init/backtile_init_28.mem - type: string 
INFO: [Synth 8-3876] $readmem data file 'memory_init/backtile_init_28.mem' is read successfully [C:/Users/soren/Fag_project/RamInitSpWf.v:34]
INFO: [Synth 8-6155] done synthesizing module 'RamInitSpWf__parameterized27' (0#1) [C:/Users/soren/Fag_project/RamInitSpWf.v:11]
INFO: [Synth 8-6155] done synthesizing module 'Memory_28' (0#1) [C:/Users/soren/Fag_project/Top.v:729]
INFO: [Synth 8-6157] synthesizing module 'Memory_29' [C:/Users/soren/Fag_project/Top.v:755]
INFO: [Synth 8-6157] synthesizing module 'RamInitSpWf__parameterized28' [C:/Users/soren/Fag_project/RamInitSpWf.v:11]
	Parameter ADDR_WIDTH bound to: 10 - type: integer 
	Parameter DATA_WIDTH bound to: 7 - type: integer 
	Parameter LOAD_FILE bound to: memory_init/backtile_init_29.mem - type: string 
INFO: [Synth 8-3876] $readmem data file 'memory_init/backtile_init_29.mem' is read successfully [C:/Users/soren/Fag_project/RamInitSpWf.v:34]
INFO: [Synth 8-6155] done synthesizing module 'RamInitSpWf__parameterized28' (0#1) [C:/Users/soren/Fag_project/RamInitSpWf.v:11]
INFO: [Synth 8-6155] done synthesizing module 'Memory_29' (0#1) [C:/Users/soren/Fag_project/Top.v:755]
INFO: [Synth 8-6157] synthesizing module 'Memory_30' [C:/Users/soren/Fag_project/Top.v:781]
INFO: [Synth 8-6157] synthesizing module 'RamInitSpWf__parameterized29' [C:/Users/soren/Fag_project/RamInitSpWf.v:11]
	Parameter ADDR_WIDTH bound to: 10 - type: integer 
	Parameter DATA_WIDTH bound to: 7 - type: integer 
	Parameter LOAD_FILE bound to: memory_init/backtile_init_30.mem - type: string 
INFO: [Synth 8-3876] $readmem data file 'memory_init/backtile_init_30.mem' is read successfully [C:/Users/soren/Fag_project/RamInitSpWf.v:34]
INFO: [Synth 8-6155] done synthesizing module 'RamInitSpWf__parameterized29' (0#1) [C:/Users/soren/Fag_project/RamInitSpWf.v:11]
INFO: [Synth 8-6155] done synthesizing module 'Memory_30' (0#1) [C:/Users/soren/Fag_project/Top.v:781]
INFO: [Synth 8-6157] synthesizing module 'Memory_31' [C:/Users/soren/Fag_project/Top.v:807]
INFO: [Synth 8-6157] synthesizing module 'RamInitSpWf__parameterized30' [C:/Users/soren/Fag_project/RamInitSpWf.v:11]
	Parameter ADDR_WIDTH bound to: 10 - type: integer 
	Parameter DATA_WIDTH bound to: 7 - type: integer 
	Parameter LOAD_FILE bound to: memory_init/backtile_init_31.mem - type: string 
INFO: [Synth 8-3876] $readmem data file 'memory_init/backtile_init_31.mem' is read successfully [C:/Users/soren/Fag_project/RamInitSpWf.v:34]
INFO: [Synth 8-6155] done synthesizing module 'RamInitSpWf__parameterized30' (0#1) [C:/Users/soren/Fag_project/RamInitSpWf.v:11]
INFO: [Synth 8-6155] done synthesizing module 'Memory_31' (0#1) [C:/Users/soren/Fag_project/Top.v:807]
INFO: [Synth 8-6157] synthesizing module 'Memory_32' [C:/Users/soren/Fag_project/Top.v:833]
INFO: [Synth 8-6157] synthesizing module 'RamSpWf' [C:/Users/soren/Fag_project/RamSpWf.v:11]
	Parameter ADDR_WIDTH bound to: 11 - type: integer 
	Parameter DATA_WIDTH bound to: 5 - type: integer 
INFO: [Synth 8-6155] done synthesizing module 'RamSpWf' (0#1) [C:/Users/soren/Fag_project/RamSpWf.v:11]
INFO: [Synth 8-6155] done synthesizing module 'Memory_32' (0#1) [C:/Users/soren/Fag_project/Top.v:833]
INFO: [Synth 8-6157] synthesizing module 'Memory_34' [C:/Users/soren/Fag_project/Top.v:861]
INFO: [Synth 8-6157] synthesizing module 'RamInitSpWf__parameterized31' [C:/Users/soren/Fag_project/RamInitSpWf.v:11]
	Parameter ADDR_WIDTH bound to: 11 - type: integer 
	Parameter DATA_WIDTH bound to: 5 - type: integer 
	Parameter LOAD_FILE bound to: memory_init/backbuffer_init.mem - type: string 
INFO: [Synth 8-3876] $readmem data file 'memory_init/backbuffer_init.mem' is read successfully [C:/Users/soren/Fag_project/RamInitSpWf.v:34]
INFO: [Synth 8-6155] done synthesizing module 'RamInitSpWf__parameterized31' (0#1) [C:/Users/soren/Fag_project/RamInitSpWf.v:11]
INFO: [Synth 8-6155] done synthesizing module 'Memory_34' (0#1) [C:/Users/soren/Fag_project/Top.v:861]
INFO: [Synth 8-6157] synthesizing module 'Memory_35' [C:/Users/soren/Fag_project/Top.v:887]
INFO: [Synth 8-6157] synthesizing module 'RamInitSpWf__parameterized32' [C:/Users/soren/Fag_project/RamInitSpWf.v:11]
	Parameter ADDR_WIDTH bound to: 10 - type: integer 
	Parameter DATA_WIDTH bound to: 7 - type: integer 
	Parameter LOAD_FILE bound to: memory_init/sprite_init_0.mem - type: string 
INFO: [Synth 8-3876] $readmem data file 'memory_init/sprite_init_0.mem' is read successfully [C:/Users/soren/Fag_project/RamInitSpWf.v:34]
INFO: [Synth 8-6155] done synthesizing module 'RamInitSpWf__parameterized32' (0#1) [C:/Users/soren/Fag_project/RamInitSpWf.v:11]
INFO: [Synth 8-6155] done synthesizing module 'Memory_35' (0#1) [C:/Users/soren/Fag_project/Top.v:887]
INFO: [Synth 8-6157] synthesizing module 'Memory_36' [C:/Users/soren/Fag_project/Top.v:913]
INFO: [Synth 8-6157] synthesizing module 'RamInitSpWf__parameterized33' [C:/Users/soren/Fag_project/RamInitSpWf.v:11]
	Parameter ADDR_WIDTH bound to: 10 - type: integer 
	Parameter DATA_WIDTH bound to: 7 - type: integer 
	Parameter LOAD_FILE bound to: memory_init/sprite_init_1.mem - type: string 
INFO: [Synth 8-3876] $readmem data file 'memory_init/sprite_init_1.mem' is read successfully [C:/Users/soren/Fag_project/RamInitSpWf.v:34]
INFO: [Synth 8-6155] done synthesizing module 'RamInitSpWf__parameterized33' (0#1) [C:/Users/soren/Fag_project/RamInitSpWf.v:11]
INFO: [Synth 8-6155] done synthesizing module 'Memory_36' (0#1) [C:/Users/soren/Fag_project/Top.v:913]
INFO: [Synth 8-6157] synthesizing module 'Memory_37' [C:/Users/soren/Fag_project/Top.v:939]
INFO: [Synth 8-6157] synthesizing module 'RamInitSpWf__parameterized34' [C:/Users/soren/Fag_project/RamInitSpWf.v:11]
	Parameter ADDR_WIDTH bound to: 10 - type: integer 
	Parameter DATA_WIDTH bound to: 7 - type: integer 
	Parameter LOAD_FILE bound to: memory_init/sprite_init_2.mem - type: string 
INFO: [Synth 8-3876] $readmem data file 'memory_init/sprite_init_2.mem' is read successfully [C:/Users/soren/Fag_project/RamInitSpWf.v:34]
INFO: [Synth 8-6155] done synthesizing module 'RamInitSpWf__parameterized34' (0#1) [C:/Users/soren/Fag_project/RamInitSpWf.v:11]
INFO: [Synth 8-6155] done synthesizing module 'Memory_37' (0#1) [C:/Users/soren/Fag_project/Top.v:939]
INFO: [Synth 8-6157] synthesizing module 'Memory_38' [C:/Users/soren/Fag_project/Top.v:965]
INFO: [Synth 8-6157] synthesizing module 'RamInitSpWf__parameterized35' [C:/Users/soren/Fag_project/RamInitSpWf.v:11]
	Parameter ADDR_WIDTH bound to: 10 - type: integer 
	Parameter DATA_WIDTH bound to: 7 - type: integer 
	Parameter LOAD_FILE bound to: memory_init/sprite_init_3.mem - type: string 
INFO: [Synth 8-3876] $readmem data file 'memory_init/sprite_init_3.mem' is read successfully [C:/Users/soren/Fag_project/RamInitSpWf.v:34]
INFO: [Synth 8-6155] done synthesizing module 'RamInitSpWf__parameterized35' (0#1) [C:/Users/soren/Fag_project/RamInitSpWf.v:11]
INFO: [Synth 8-6155] done synthesizing module 'Memory_38' (0#1) [C:/Users/soren/Fag_project/Top.v:965]
INFO: [Synth 8-6157] synthesizing module 'Memory_39' [C:/Users/soren/Fag_project/Top.v:991]
INFO: [Synth 8-6157] synthesizing module 'RamInitSpWf__parameterized36' [C:/Users/soren/Fag_project/RamInitSpWf.v:11]
	Parameter ADDR_WIDTH bound to: 10 - type: integer 
	Parameter DATA_WIDTH bound to: 7 - type: integer 
	Parameter LOAD_FILE bound to: memory_init/sprite_init_4.mem - type: string 
INFO: [Synth 8-3876] $readmem data file 'memory_init/sprite_init_4.mem' is read successfully [C:/Users/soren/Fag_project/RamInitSpWf.v:34]
INFO: [Synth 8-6155] done synthesizing module 'RamInitSpWf__parameterized36' (0#1) [C:/Users/soren/Fag_project/RamInitSpWf.v:11]
INFO: [Synth 8-6155] done synthesizing module 'Memory_39' (0#1) [C:/Users/soren/Fag_project/Top.v:991]
INFO: [Synth 8-6157] synthesizing module 'Memory_40' [C:/Users/soren/Fag_project/Top.v:1017]
INFO: [Synth 8-6157] synthesizing module 'RamInitSpWf__parameterized37' [C:/Users/soren/Fag_project/RamInitSpWf.v:11]
	Parameter ADDR_WIDTH bound to: 10 - type: integer 
	Parameter DATA_WIDTH bound to: 7 - type: integer 
	Parameter LOAD_FILE bound to: memory_init/sprite_init_5.mem - type: string 
INFO: [Synth 8-3876] $readmem data file 'memory_init/sprite_init_5.mem' is read successfully [C:/Users/soren/Fag_project/RamInitSpWf.v:34]
INFO: [Synth 8-6155] done synthesizing module 'RamInitSpWf__parameterized37' (0#1) [C:/Users/soren/Fag_project/RamInitSpWf.v:11]
INFO: [Synth 8-6155] done synthesizing module 'Memory_40' (0#1) [C:/Users/soren/Fag_project/Top.v:1017]
INFO: [Synth 8-6157] synthesizing module 'Memory_41' [C:/Users/soren/Fag_project/Top.v:1043]
INFO: [Synth 8-6157] synthesizing module 'RamInitSpWf__parameterized38' [C:/Users/soren/Fag_project/RamInitSpWf.v:11]
	Parameter ADDR_WIDTH bound to: 10 - type: integer 
	Parameter DATA_WIDTH bound to: 7 - type: integer 
	Parameter LOAD_FILE bound to: memory_init/sprite_init_6.mem - type: string 
INFO: [Synth 8-3876] $readmem data file 'memory_init/sprite_init_6.mem' is read successfully [C:/Users/soren/Fag_project/RamInitSpWf.v:34]
INFO: [Synth 8-6155] done synthesizing module 'RamInitSpWf__parameterized38' (0#1) [C:/Users/soren/Fag_project/RamInitSpWf.v:11]
INFO: [Synth 8-6155] done synthesizing module 'Memory_41' (0#1) [C:/Users/soren/Fag_project/Top.v:1043]
INFO: [Synth 8-6157] synthesizing module 'Memory_42' [C:/Users/soren/Fag_project/Top.v:1069]
INFO: [Synth 8-6157] synthesizing module 'RamInitSpWf__parameterized39' [C:/Users/soren/Fag_project/RamInitSpWf.v:11]
	Parameter ADDR_WIDTH bound to: 10 - type: integer 
	Parameter DATA_WIDTH bound to: 7 - type: integer 
	Parameter LOAD_FILE bound to: memory_init/sprite_init_7.mem - type: string 
INFO: [Synth 8-3876] $readmem data file 'memory_init/sprite_init_7.mem' is read successfully [C:/Users/soren/Fag_project/RamInitSpWf.v:34]
INFO: [Synth 8-6155] done synthesizing module 'RamInitSpWf__parameterized39' (0#1) [C:/Users/soren/Fag_project/RamInitSpWf.v:11]
INFO: [Synth 8-6155] done synthesizing module 'Memory_42' (0#1) [C:/Users/soren/Fag_project/Top.v:1069]
INFO: [Synth 8-6157] synthesizing module 'Memory_43' [C:/Users/soren/Fag_project/Top.v:1095]
INFO: [Synth 8-6157] synthesizing module 'RamInitSpWf__parameterized40' [C:/Users/soren/Fag_project/RamInitSpWf.v:11]
	Parameter ADDR_WIDTH bound to: 10 - type: integer 
	Parameter DATA_WIDTH bound to: 7 - type: integer 
	Parameter LOAD_FILE bound to: memory_init/sprite_init_8.mem - type: string 
INFO: [Synth 8-3876] $readmem data file 'memory_init/sprite_init_8.mem' is read successfully [C:/Users/soren/Fag_project/RamInitSpWf.v:34]
INFO: [Synth 8-6155] done synthesizing module 'RamInitSpWf__parameterized40' (0#1) [C:/Users/soren/Fag_project/RamInitSpWf.v:11]
INFO: [Synth 8-6155] done synthesizing module 'Memory_43' (0#1) [C:/Users/soren/Fag_project/Top.v:1095]
INFO: [Synth 8-6157] synthesizing module 'Memory_44' [C:/Users/soren/Fag_project/Top.v:1121]
INFO: [Synth 8-6157] synthesizing module 'RamInitSpWf__parameterized41' [C:/Users/soren/Fag_project/RamInitSpWf.v:11]
	Parameter ADDR_WIDTH bound to: 10 - type: integer 
	Parameter DATA_WIDTH bound to: 7 - type: integer 
	Parameter LOAD_FILE bound to: memory_init/sprite_init_9.mem - type: string 
INFO: [Synth 8-3876] $readmem data file 'memory_init/sprite_init_9.mem' is read successfully [C:/Users/soren/Fag_project/RamInitSpWf.v:34]
INFO: [Synth 8-6155] done synthesizing module 'RamInitSpWf__parameterized41' (0#1) [C:/Users/soren/Fag_project/RamInitSpWf.v:11]
INFO: [Synth 8-6155] done synthesizing module 'Memory_44' (0#1) [C:/Users/soren/Fag_project/Top.v:1121]
INFO: [Synth 8-6157] synthesizing module 'Memory_45' [C:/Users/soren/Fag_project/Top.v:1147]
INFO: [Synth 8-6157] synthesizing module 'RamInitSpWf__parameterized42' [C:/Users/soren/Fag_project/RamInitSpWf.v:11]
	Parameter ADDR_WIDTH bound to: 10 - type: integer 
	Parameter DATA_WIDTH bound to: 7 - type: integer 
	Parameter LOAD_FILE bound to: memory_init/sprite_init_10.mem - type: string 
INFO: [Synth 8-3876] $readmem data file 'memory_init/sprite_init_10.mem' is read successfully [C:/Users/soren/Fag_project/RamInitSpWf.v:34]
INFO: [Synth 8-6155] done synthesizing module 'RamInitSpWf__parameterized42' (0#1) [C:/Users/soren/Fag_project/RamInitSpWf.v:11]
INFO: [Synth 8-6155] done synthesizing module 'Memory_45' (0#1) [C:/Users/soren/Fag_project/Top.v:1147]
INFO: [Synth 8-6157] synthesizing module 'Memory_46' [C:/Users/soren/Fag_project/Top.v:1173]
INFO: [Synth 8-6157] synthesizing module 'RamInitSpWf__parameterized43' [C:/Users/soren/Fag_project/RamInitSpWf.v:11]
	Parameter ADDR_WIDTH bound to: 10 - type: integer 
	Parameter DATA_WIDTH bound to: 7 - type: integer 
	Parameter LOAD_FILE bound to: memory_init/sprite_init_11.mem - type: string 
INFO: [Synth 8-3876] $readmem data file 'memory_init/sprite_init_11.mem' is read successfully [C:/Users/soren/Fag_project/RamInitSpWf.v:34]
INFO: [Synth 8-6155] done synthesizing module 'RamInitSpWf__parameterized43' (0#1) [C:/Users/soren/Fag_project/RamInitSpWf.v:11]
INFO: [Synth 8-6155] done synthesizing module 'Memory_46' (0#1) [C:/Users/soren/Fag_project/Top.v:1173]
INFO: [Synth 8-6157] synthesizing module 'Memory_47' [C:/Users/soren/Fag_project/Top.v:1199]
INFO: [Synth 8-6157] synthesizing module 'RamInitSpWf__parameterized44' [C:/Users/soren/Fag_project/RamInitSpWf.v:11]
	Parameter ADDR_WIDTH bound to: 10 - type: integer 
	Parameter DATA_WIDTH bound to: 7 - type: integer 
	Parameter LOAD_FILE bound to: memory_init/sprite_init_12.mem - type: string 
INFO: [Synth 8-3876] $readmem data file 'memory_init/sprite_init_12.mem' is read successfully [C:/Users/soren/Fag_project/RamInitSpWf.v:34]
INFO: [Synth 8-6155] done synthesizing module 'RamInitSpWf__parameterized44' (0#1) [C:/Users/soren/Fag_project/RamInitSpWf.v:11]
INFO: [Synth 8-6155] done synthesizing module 'Memory_47' (0#1) [C:/Users/soren/Fag_project/Top.v:1199]
INFO: [Synth 8-6157] synthesizing module 'Memory_48' [C:/Users/soren/Fag_project/Top.v:1225]
INFO: [Synth 8-6157] synthesizing module 'RamInitSpWf__parameterized45' [C:/Users/soren/Fag_project/RamInitSpWf.v:11]
	Parameter ADDR_WIDTH bound to: 10 - type: integer 
	Parameter DATA_WIDTH bound to: 7 - type: integer 
	Parameter LOAD_FILE bound to: memory_init/sprite_init_13.mem - type: string 
INFO: [Synth 8-3876] $readmem data file 'memory_init/sprite_init_13.mem' is read successfully [C:/Users/soren/Fag_project/RamInitSpWf.v:34]
INFO: [Synth 8-6155] done synthesizing module 'RamInitSpWf__parameterized45' (0#1) [C:/Users/soren/Fag_project/RamInitSpWf.v:11]
INFO: [Synth 8-6155] done synthesizing module 'Memory_48' (0#1) [C:/Users/soren/Fag_project/Top.v:1225]
INFO: [Synth 8-6157] synthesizing module 'Memory_49' [C:/Users/soren/Fag_project/Top.v:1251]
INFO: [Common 17-14] Message 'Synth 8-6157' appears 100 times and further instances of the messages will be disabled. Use the Tcl command set_msg_config to change the current settings.
	Parameter ADDR_WIDTH bound to: 10 - type: integer 
	Parameter DATA_WIDTH bound to: 7 - type: integer 
	Parameter LOAD_FILE bound to: memory_init/sprite_init_14.mem - type: string 
INFO: [Synth 8-3876] $readmem data file 'memory_init/sprite_init_14.mem' is read successfully [C:/Users/soren/Fag_project/RamInitSpWf.v:34]
INFO: [Synth 8-6155] done synthesizing module 'RamInitSpWf__parameterized46' (0#1) [C:/Users/soren/Fag_project/RamInitSpWf.v:11]
INFO: [Synth 8-6155] done synthesizing module 'Memory_49' (0#1) [C:/Users/soren/Fag_project/Top.v:1251]
	Parameter ADDR_WIDTH bound to: 10 - type: integer 
	Parameter DATA_WIDTH bound to: 7 - type: integer 
	Parameter LOAD_FILE bound to: memory_init/sprite_init_15.mem - type: string 
INFO: [Synth 8-3876] $readmem data file 'memory_init/sprite_init_15.mem' is read successfully [C:/Users/soren/Fag_project/RamInitSpWf.v:34]
INFO: [Synth 8-6155] done synthesizing module 'RamInitSpWf__parameterized47' (0#1) [C:/Users/soren/Fag_project/RamInitSpWf.v:11]
INFO: [Synth 8-6155] done synthesizing module 'Memory_50' (0#1) [C:/Users/soren/Fag_project/Top.v:1277]
INFO: [Common 17-14] Message 'Synth 8-6155' appears 100 times and further instances of the messages will be disabled. Use the Tcl command set_msg_config to change the current settings.
	Parameter ADDR_WIDTH bound to: 12 - type: integer 
	Parameter DATA_WIDTH bound to: 14 - type: integer 
	Parameter LOAD_FILE bound to: memory_init/rotation45deg.mem - type: string 
INFO: [Synth 8-3876] $readmem data file 'memory_init/rotation45deg.mem' is read successfully [C:/Users/soren/Fag_project/RamInitSpWf.v:34]
	Parameter ADDR_WIDTH bound to: 9 - type: integer 
	Parameter DATA_WIDTH bound to: 32 - type: integer 
	Parameter LOAD_FILE bound to: memory_init/tone_init_0.mem - type: string 
INFO: [Synth 8-3876] $readmem data file 'memory_init/tone_init_0.mem' is read successfully [C:/Users/soren/Fag_project/RamInitSpWf.v:34]
	Parameter ADDR_WIDTH bound to: 9 - type: integer 
	Parameter DATA_WIDTH bound to: 32 - type: integer 
	Parameter LOAD_FILE bound to: memory_init/tone_init_1.mem - type: string 
INFO: [Synth 8-3876] $readmem data file 'memory_init/tone_init_1.mem' is read successfully [C:/Users/soren/Fag_project/RamInitSpWf.v:34]
	Parameter ADDR_WIDTH bound to: 9 - type: integer 
	Parameter DATA_WIDTH bound to: 32 - type: integer 
	Parameter LOAD_FILE bound to: memory_init/tone_init_2.mem - type: string 
INFO: [Synth 8-3876] $readmem data file 'memory_init/tone_init_2.mem' is read successfully [C:/Users/soren/Fag_project/RamInitSpWf.v:34]
	Parameter ADDR_WIDTH bound to: 9 - type: integer 
	Parameter DATA_WIDTH bound to: 32 - type: integer 
	Parameter LOAD_FILE bound to: memory_init/tone_init_3.mem - type: string 
INFO: [Synth 8-3876] $readmem data file 'memory_init/tone_init_3.mem' is read successfully [C:/Users/soren/Fag_project/RamInitSpWf.v:34]
	Parameter ADDR_WIDTH bound to: 9 - type: integer 
	Parameter DATA_WIDTH bound to: 32 - type: integer 
	Parameter LOAD_FILE bound to: memory_init/tone_init_4.mem - type: string 
INFO: [Synth 8-3876] $readmem data file 'memory_init/tone_init_4.mem' is read successfully [C:/Users/soren/Fag_project/RamInitSpWf.v:34]
	Parameter ADDR_WIDTH bound to: 9 - type: integer 
	Parameter DATA_WIDTH bound to: 32 - type: integer 
	Parameter LOAD_FILE bound to: memory_init/tone_init_5.mem - type: string 
INFO: [Synth 8-3876] $readmem data file 'memory_init/tone_init_5.mem' is read successfully [C:/Users/soren/Fag_project/RamInitSpWf.v:34]
	Parameter ADDR_WIDTH bound to: 9 - type: integer 
	Parameter DATA_WIDTH bound to: 32 - type: integer 
	Parameter LOAD_FILE bound to: memory_init/tone_init_6.mem - type: string 
INFO: [Synth 8-3876] $readmem data file 'memory_init/tone_init_6.mem' is read successfully [C:/Users/soren/Fag_project/RamInitSpWf.v:34]
	Parameter ADDR_WIDTH bound to: 9 - type: integer 
	Parameter DATA_WIDTH bound to: 32 - type: integer 
	Parameter LOAD_FILE bound to: memory_init/tone_init_7.mem - type: string 
INFO: [Synth 8-3876] $readmem data file 'memory_init/tone_init_7.mem' is read successfully [C:/Users/soren/Fag_project/RamInitSpWf.v:34]

*** Running vivado
    with args -log Top.vds -m64 -product Vivado -mode batch -messageDb vivado.pb -notrace -source Top.tcl



****** Vivado v2023.2 (64-bit)
  **** SW Build 4029153 on Fri Oct 13 20:14:34 MDT 2023
  **** IP Build 4028589 on Sat Oct 14 00:45:43 MDT 2023
  **** SharedData Build 4025554 on Tue Oct 10 17:18:54 MDT 2023
    ** Copyright 1986-2022 Xilinx, Inc. All Rights Reserved.
    ** Copyright 2022-2023 Advanced Micro Devices, Inc. All Rights Reserved.

source Top.tcl -notrace
create_project: Time (s): cpu = 00:00:05 ; elapsed = 00:00:07 . Memory (MB): peak = 555.586 ; gain = 181.711
Command: synth_design -top Top -part xc7a35tcpg236-1
Starting synth_design
Attempting to get a license for feature 'Synthesis' and/or device 'xc7a35t'
INFO: [Common 17-349] Got license for feature 'Synthesis' and/or device 'xc7a35t'
INFO: [Device 21-403] Loading part xc7a35tcpg236-1
INFO: [Synth 8-7079] Multithreading enabled for synth_design using a maximum of 2 processes.
INFO: [Synth 8-7078] Launching helper process for spawning children vivado processes
INFO: [Synth 8-7075] Helper process launched with PID 4560
---------------------------------------------------------------------------------
Starting RTL Elaboration : Time (s): cpu = 00:00:05 ; elapsed = 00:00:07 . Memory (MB): peak = 1390.922 ; gain = 438.188
---------------------------------------------------------------------------------
INFO: [Synth 8-6157] synthesizing module 'Top' [C:/Users/soren/Fag_project/Top.v:8833]
INFO: [Synth 8-6157] synthesizing module 'GameTop' [C:/Users/soren/Fag_project/Top.v:8246]
INFO: [Synth 8-6157] synthesizing module 'GraphicEngineVGA' [C:/Users/soren/Fag_project/Top.v:1396]
INFO: [Synth 8-6157] synthesizing module 'Memory' [C:/Users/soren/Fag_project/Top.v:1]
INFO: [Synth 8-6157] synthesizing module 'RamInitSpWf' [C:/Users/soren/Fag_project/RamInitSpWf.v:11]
	Parameter ADDR_WIDTH bound to: 10 - type: integer 
	Parameter DATA_WIDTH bound to: 7 - type: integer 
	Parameter LOAD_FILE bound to: memory_init/backtile_init_0.mem - type: string 
INFO: [Synth 8-3876] $readmem data file 'memory_init/backtile_init_0.mem' is read successfully [C:/Users/soren/Fag_project/RamInitSpWf.v:34]
INFO: [Synth 8-6155] done synthesizing module 'RamInitSpWf' (0#1) [C:/Users/soren/Fag_project/RamInitSpWf.v:11]
INFO: [Synth 8-6155] done synthesizing module 'Memory' (0#1) [C:/Users/soren/Fag_project/Top.v:1]
INFO: [Synth 8-6157] synthesizing module 'Memory_1' [C:/Users/soren/Fag_project/Top.v:27]
INFO: [Synth 8-6157] synthesizing module 'RamInitSpWf__parameterized0' [C:/Users/soren/Fag_project/RamInitSpWf.v:11]
	Parameter ADDR_WIDTH bound to: 10 - type: integer 
	Parameter DATA_WIDTH bound to: 7 - type: integer 
	Parameter LOAD_FILE bound to: memory_init/backtile_init_1.mem - type: string 
INFO: [Synth 8-3876] $readmem data file 'memory_init/backtile_init_1.mem' is read successfully [C:/Users/soren/Fag_project/RamInitSpWf.v:34]
INFO: [Synth 8-6155] done synthesizing module 'RamInitSpWf__parameterized0' (0#1) [C:/Users/soren/Fag_project/RamInitSpWf.v:11]
INFO: [Synth 8-6155] done synthesizing module 'Memory_1' (0#1) [C:/Users/soren/Fag_project/Top.v:27]
INFO: [Synth 8-6157] synthesizing module 'Memory_2' [C:/Users/soren/Fag_project/Top.v:53]
INFO: [Synth 8-6157] synthesizing module 'RamInitSpWf__parameterized1' [C:/Users/soren/Fag_project/RamInitSpWf.v:11]
	Parameter ADDR_WIDTH bound to: 10 - type: integer 
	Parameter DATA_WIDTH bound to: 7 - type: integer 
	Parameter LOAD_FILE bound to: memory_init/backtile_init_2.mem - type: string 
INFO: [Synth 8-3876] $readmem data file 'memory_init/backtile_init_2.mem' is read successfully [C:/Users/soren/Fag_project/RamInitSpWf.v:34]
INFO: [Synth 8-6155] done synthesizing module 'RamInitSpWf__parameterized1' (0#1) [C:/Users/soren/Fag_project/RamInitSpWf.v:11]
INFO: [Synth 8-6155] done synthesizing module 'Memory_2' (0#1) [C:/Users/soren/Fag_project/Top.v:53]
INFO: [Synth 8-6157] synthesizing module 'Memory_3' [C:/Users/soren/Fag_project/Top.v:79]
INFO: [Synth 8-6157] synthesizing module 'RamInitSpWf__parameterized2' [C:/Users/soren/Fag_project/RamInitSpWf.v:11]
	Parameter ADDR_WIDTH bound to: 10 - type: integer 
	Parameter DATA_WIDTH bound to: 7 - type: integer 
	Parameter LOAD_FILE bound to: memory_init/backtile_init_3.mem - type: string 
INFO: [Synth 8-3876] $readmem data file 'memory_init/backtile_init_3.mem' is read successfully [C:/Users/soren/Fag_project/RamInitSpWf.v:34]
INFO: [Synth 8-6155] done synthesizing module 'RamInitSpWf__parameterized2' (0#1) [C:/Users/soren/Fag_project/RamInitSpWf.v:11]
INFO: [Synth 8-6155] done synthesizing module 'Memory_3' (0#1) [C:/Users/soren/Fag_project/Top.v:79]
INFO: [Synth 8-6157] synthesizing module 'Memory_4' [C:/Users/soren/Fag_project/Top.v:105]
INFO: [Synth 8-6157] synthesizing module 'RamInitSpWf__parameterized3' [C:/Users/soren/Fag_project/RamInitSpWf.v:11]
	Parameter ADDR_WIDTH bound to: 10 - type: integer 
	Parameter DATA_WIDTH bound to: 7 - type: integer 
	Parameter LOAD_FILE bound to: memory_init/backtile_init_4.mem - type: string 
INFO: [Synth 8-3876] $readmem data file 'memory_init/backtile_init_4.mem' is read successfully [C:/Users/soren/Fag_project/RamInitSpWf.v:34]
INFO: [Synth 8-6155] done synthesizing module 'RamInitSpWf__parameterized3' (0#1) [C:/Users/soren/Fag_project/RamInitSpWf.v:11]
INFO: [Synth 8-6155] done synthesizing module 'Memory_4' (0#1) [C:/Users/soren/Fag_project/Top.v:105]
INFO: [Synth 8-6157] synthesizing module 'Memory_5' [C:/Users/soren/Fag_project/Top.v:131]
INFO: [Synth 8-6157] synthesizing module 'RamInitSpWf__parameterized4' [C:/Users/soren/Fag_project/RamInitSpWf.v:11]
	Parameter ADDR_WIDTH bound to: 10 - type: integer 
	Parameter DATA_WIDTH bound to: 7 - type: integer 
	Parameter LOAD_FILE bound to: memory_init/backtile_init_5.mem - type: string 
INFO: [Synth 8-3876] $readmem data file 'memory_init/backtile_init_5.mem' is read successfully [C:/Users/soren/Fag_project/RamInitSpWf.v:34]
INFO: [Synth 8-6155] done synthesizing module 'RamInitSpWf__parameterized4' (0#1) [C:/Users/soren/Fag_project/RamInitSpWf.v:11]
INFO: [Synth 8-6155] done synthesizing module 'Memory_5' (0#1) [C:/Users/soren/Fag_project/Top.v:131]
INFO: [Synth 8-6157] synthesizing module 'Memory_6' [C:/Users/soren/Fag_project/Top.v:157]
INFO: [Synth 8-6157] synthesizing module 'RamInitSpWf__parameterized5' [C:/Users/soren/Fag_project/RamInitSpWf.v:11]
	Parameter ADDR_WIDTH bound to: 10 - type: integer 
	Parameter DATA_WIDTH bound to: 7 - type: integer 
	Parameter LOAD_FILE bound to: memory_init/backtile_init_6.mem - type: string 
INFO: [Synth 8-3876] $readmem data file 'memory_init/backtile_init_6.mem' is read successfully [C:/Users/soren/Fag_project/RamInitSpWf.v:34]
INFO: [Synth 8-6155] done synthesizing module 'RamInitSpWf__parameterized5' (0#1) [C:/Users/soren/Fag_project/RamInitSpWf.v:11]
INFO: [Synth 8-6155] done synthesizing module 'Memory_6' (0#1) [C:/Users/soren/Fag_project/Top.v:157]
INFO: [Synth 8-6157] synthesizing module 'Memory_7' [C:/Users/soren/Fag_project/Top.v:183]
INFO: [Synth 8-6157] synthesizing module 'RamInitSpWf__parameterized6' [C:/Users/soren/Fag_project/RamInitSpWf.v:11]
	Parameter ADDR_WIDTH bound to: 10 - type: integer 
	Parameter DATA_WIDTH bound to: 7 - type: integer 
	Parameter LOAD_FILE bound to: memory_init/backtile_init_7.mem - type: string 
INFO: [Synth 8-3876] $readmem data file 'memory_init/backtile_init_7.mem' is read successfully [C:/Users/soren/Fag_project/RamInitSpWf.v:34]
INFO: [Synth 8-6155] done synthesizing module 'RamInitSpWf__parameterized6' (0#1) [C:/Users/soren/Fag_project/RamInitSpWf.v:11]
INFO: [Synth 8-6155] done synthesizing module 'Memory_7' (0#1) [C:/Users/soren/Fag_project/Top.v:183]
INFO: [Synth 8-6157] synthesizing module 'Memory_8' [C:/Users/soren/Fag_project/Top.v:209]
INFO: [Synth 8-6157] synthesizing module 'RamInitSpWf__parameterized7' [C:/Users/soren/Fag_project/RamInitSpWf.v:11]
	Parameter ADDR_WIDTH bound to: 10 - type: integer 
	Parameter DATA_WIDTH bound to: 7 - type: integer 
	Parameter LOAD_FILE bound to: memory_init/backtile_init_8.mem - type: string 
INFO: [Synth 8-3876] $readmem data file 'memory_init/backtile_init_8.mem' is read successfully [C:/Users/soren/Fag_project/RamInitSpWf.v:34]
INFO: [Synth 8-6155] done synthesizing module 'RamInitSpWf__parameterized7' (0#1) [C:/Users/soren/Fag_project/RamInitSpWf.v:11]
INFO: [Synth 8-6155] done synthesizing module 'Memory_8' (0#1) [C:/Users/soren/Fag_project/Top.v:209]
INFO: [Synth 8-6157] synthesizing module 'Memory_9' [C:/Users/soren/Fag_project/Top.v:235]
INFO: [Synth 8-6157] synthesizing module 'RamInitSpWf__parameterized8' [C:/Users/soren/Fag_project/RamInitSpWf.v:11]
	Parameter ADDR_WIDTH bound to: 10 - type: integer 
	Parameter DATA_WIDTH bound to: 7 - type: integer 
	Parameter LOAD_FILE bound to: memory_init/backtile_init_9.mem - type: string 
INFO: [Synth 8-3876] $readmem data file 'memory_init/backtile_init_9.mem' is read successfully [C:/Users/soren/Fag_project/RamInitSpWf.v:34]
INFO: [Synth 8-6155] done synthesizing module 'RamInitSpWf__parameterized8' (0#1) [C:/Users/soren/Fag_project/RamInitSpWf.v:11]
INFO: [Synth 8-6155] done synthesizing module 'Memory_9' (0#1) [C:/Users/soren/Fag_project/Top.v:235]
INFO: [Synth 8-6157] synthesizing module 'Memory_10' [C:/Users/soren/Fag_project/Top.v:261]
INFO: [Synth 8-6157] synthesizing module 'RamInitSpWf__parameterized9' [C:/Users/soren/Fag_project/RamInitSpWf.v:11]
	Parameter ADDR_WIDTH bound to: 10 - type: integer 
	Parameter DATA_WIDTH bound to: 7 - type: integer 
	Parameter LOAD_FILE bound to: memory_init/backtile_init_10.mem - type: string 
INFO: [Synth 8-3876] $readmem data file 'memory_init/backtile_init_10.mem' is read successfully [C:/Users/soren/Fag_project/RamInitSpWf.v:34]
INFO: [Synth 8-6155] done synthesizing module 'RamInitSpWf__parameterized9' (0#1) [C:/Users/soren/Fag_project/RamInitSpWf.v:11]
INFO: [Synth 8-6155] done synthesizing module 'Memory_10' (0#1) [C:/Users/soren/Fag_project/Top.v:261]
INFO: [Synth 8-6157] synthesizing module 'Memory_11' [C:/Users/soren/Fag_project/Top.v:287]
INFO: [Synth 8-6157] synthesizing module 'RamInitSpWf__parameterized10' [C:/Users/soren/Fag_project/RamInitSpWf.v:11]
	Parameter ADDR_WIDTH bound to: 10 - type: integer 
	Parameter DATA_WIDTH bound to: 7 - type: integer 
	Parameter LOAD_FILE bound to: memory_init/backtile_init_11.mem - type: string 
INFO: [Synth 8-3876] $readmem data file 'memory_init/backtile_init_11.mem' is read successfully [C:/Users/soren/Fag_project/RamInitSpWf.v:34]
INFO: [Synth 8-6155] done synthesizing module 'RamInitSpWf__parameterized10' (0#1) [C:/Users/soren/Fag_project/RamInitSpWf.v:11]
INFO: [Synth 8-6155] done synthesizing module 'Memory_11' (0#1) [C:/Users/soren/Fag_project/Top.v:287]
INFO: [Synth 8-6157] synthesizing module 'Memory_12' [C:/Users/soren/Fag_project/Top.v:313]
INFO: [Synth 8-6157] synthesizing module 'RamInitSpWf__parameterized11' [C:/Users/soren/Fag_project/RamInitSpWf.v:11]
	Parameter ADDR_WIDTH bound to: 10 - type: integer 
	Parameter DATA_WIDTH bound to: 7 - type: integer 
	Parameter LOAD_FILE bound to: memory_init/backtile_init_12.mem - type: string 
INFO: [Synth 8-3876] $readmem data file 'memory_init/backtile_init_12.mem' is read successfully [C:/Users/soren/Fag_project/RamInitSpWf.v:34]
INFO: [Synth 8-6155] done synthesizing module 'RamInitSpWf__parameterized11' (0#1) [C:/Users/soren/Fag_project/RamInitSpWf.v:11]
INFO: [Synth 8-6155] done synthesizing module 'Memory_12' (0#1) [C:/Users/soren/Fag_project/Top.v:313]
INFO: [Synth 8-6157] synthesizing module 'Memory_13' [C:/Users/soren/Fag_project/Top.v:339]
INFO: [Synth 8-6157] synthesizing module 'RamInitSpWf__parameterized12' [C:/Users/soren/Fag_project/RamInitSpWf.v:11]
	Parameter ADDR_WIDTH bound to: 10 - type: integer 
	Parameter DATA_WIDTH bound to: 7 - type: integer 
	Parameter LOAD_FILE bound to: memory_init/backtile_init_13.mem - type: string 
INFO: [Synth 8-3876] $readmem data file 'memory_init/backtile_init_13.mem' is read successfully [C:/Users/soren/Fag_project/RamInitSpWf.v:34]
INFO: [Synth 8-6155] done synthesizing module 'RamInitSpWf__parameterized12' (0#1) [C:/Users/soren/Fag_project/RamInitSpWf.v:11]
INFO: [Synth 8-6155] done synthesizing module 'Memory_13' (0#1) [C:/Users/soren/Fag_project/Top.v:339]
INFO: [Synth 8-6157] synthesizing module 'Memory_14' [C:/Users/soren/Fag_project/Top.v:365]
INFO: [Synth 8-6157] synthesizing module 'RamInitSpWf__parameterized13' [C:/Users/soren/Fag_project/RamInitSpWf.v:11]
	Parameter ADDR_WIDTH bound to: 10 - type: integer 
	Parameter DATA_WIDTH bound to: 7 - type: integer 
	Parameter LOAD_FILE bound to: memory_init/backtile_init_14.mem - type: string 
INFO: [Synth 8-3876] $readmem data file 'memory_init/backtile_init_14.mem' is read successfully [C:/Users/soren/Fag_project/RamInitSpWf.v:34]
INFO: [Synth 8-6155] done synthesizing module 'RamInitSpWf__parameterized13' (0#1) [C:/Users/soren/Fag_project/RamInitSpWf.v:11]
INFO: [Synth 8-6155] done synthesizing module 'Memory_14' (0#1) [C:/Users/soren/Fag_project/Top.v:365]
INFO: [Synth 8-6157] synthesizing module 'Memory_15' [C:/Users/soren/Fag_project/Top.v:391]
INFO: [Synth 8-6157] synthesizing module 'RamInitSpWf__parameterized14' [C:/Users/soren/Fag_project/RamInitSpWf.v:11]
	Parameter ADDR_WIDTH bound to: 10 - type: integer 
	Parameter DATA_WIDTH bound to: 7 - type: integer 
	Parameter LOAD_FILE bound to: memory_init/backtile_init_15.mem - type: string 
INFO: [Synth 8-3876] $readmem data file 'memory_init/backtile_init_15.mem' is read successfully [C:/Users/soren/Fag_project/RamInitSpWf.v:34]
INFO: [Synth 8-6155] done synthesizing module 'RamInitSpWf__parameterized14' (0#1) [C:/Users/soren/Fag_project/RamInitSpWf.v:11]
INFO: [Synth 8-6155] done synthesizing module 'Memory_15' (0#1) [C:/Users/soren/Fag_project/Top.v:391]
INFO: [Synth 8-6157] synthesizing module 'Memory_16' [C:/Users/soren/Fag_project/Top.v:417]
INFO: [Synth 8-6157] synthesizing module 'RamInitSpWf__parameterized15' [C:/Users/soren/Fag_project/RamInitSpWf.v:11]
	Parameter ADDR_WIDTH bound to: 10 - type: integer 
	Parameter DATA_WIDTH bound to: 7 - type: integer 
	Parameter LOAD_FILE bound to: memory_init/backtile_init_16.mem - type: string 
INFO: [Synth 8-3876] $readmem data file 'memory_init/backtile_init_16.mem' is read successfully [C:/Users/soren/Fag_project/RamInitSpWf.v:34]
INFO: [Synth 8-6155] done synthesizing module 'RamInitSpWf__parameterized15' (0#1) [C:/Users/soren/Fag_project/RamInitSpWf.v:11]
INFO: [Synth 8-6155] done synthesizing module 'Memory_16' (0#1) [C:/Users/soren/Fag_project/Top.v:417]
INFO: [Synth 8-6157] synthesizing module 'Memory_17' [C:/Users/soren/Fag_project/Top.v:443]
INFO: [Synth 8-6157] synthesizing module 'RamInitSpWf__parameterized16' [C:/Users/soren/Fag_project/RamInitSpWf.v:11]
	Parameter ADDR_WIDTH bound to: 10 - type: integer 
	Parameter DATA_WIDTH bound to: 7 - type: integer 
	Parameter LOAD_FILE bound to: memory_init/backtile_init_17.mem - type: string 
INFO: [Synth 8-3876] $readmem data file 'memory_init/backtile_init_17.mem' is read successfully [C:/Users/soren/Fag_project/RamInitSpWf.v:34]
INFO: [Synth 8-6155] done synthesizing module 'RamInitSpWf__parameterized16' (0#1) [C:/Users/soren/Fag_project/RamInitSpWf.v:11]
INFO: [Synth 8-6155] done synthesizing module 'Memory_17' (0#1) [C:/Users/soren/Fag_project/Top.v:443]
INFO: [Synth 8-6157] synthesizing module 'Memory_18' [C:/Users/soren/Fag_project/Top.v:469]
INFO: [Synth 8-6157] synthesizing module 'RamInitSpWf__parameterized17' [C:/Users/soren/Fag_project/RamInitSpWf.v:11]
	Parameter ADDR_WIDTH bound to: 10 - type: integer 
	Parameter DATA_WIDTH bound to: 7 - type: integer 
	Parameter LOAD_FILE bound to: memory_init/backtile_init_18.mem - type: string 
INFO: [Synth 8-3876] $readmem data file 'memory_init/backtile_init_18.mem' is read successfully [C:/Users/soren/Fag_project/RamInitSpWf.v:34]
INFO: [Synth 8-6155] done synthesizing module 'RamInitSpWf__parameterized17' (0#1) [C:/Users/soren/Fag_project/RamInitSpWf.v:11]
INFO: [Synth 8-6155] done synthesizing module 'Memory_18' (0#1) [C:/Users/soren/Fag_project/Top.v:469]
INFO: [Synth 8-6157] synthesizing module 'Memory_19' [C:/Users/soren/Fag_project/Top.v:495]
INFO: [Synth 8-6157] synthesizing module 'RamInitSpWf__parameterized18' [C:/Users/soren/Fag_project/RamInitSpWf.v:11]
	Parameter ADDR_WIDTH bound to: 10 - type: integer 
	Parameter DATA_WIDTH bound to: 7 - type: integer 
	Parameter LOAD_FILE bound to: memory_init/backtile_init_19.mem - type: string 
INFO: [Synth 8-3876] $readmem data file 'memory_init/backtile_init_19.mem' is read successfully [C:/Users/soren/Fag_project/RamInitSpWf.v:34]
INFO: [Synth 8-6155] done synthesizing module 'RamInitSpWf__parameterized18' (0#1) [C:/Users/soren/Fag_project/RamInitSpWf.v:11]
INFO: [Synth 8-6155] done synthesizing module 'Memory_19' (0#1) [C:/Users/soren/Fag_project/Top.v:495]
INFO: [Synth 8-6157] synthesizing module 'Memory_20' [C:/Users/soren/Fag_project/Top.v:521]
INFO: [Synth 8-6157] synthesizing module 'RamInitSpWf__parameterized19' [C:/Users/soren/Fag_project/RamInitSpWf.v:11]
	Parameter ADDR_WIDTH bound to: 10 - type: integer 
	Parameter DATA_WIDTH bound to: 7 - type: integer 
	Parameter LOAD_FILE bound to: memory_init/backtile_init_20.mem - type: string 
INFO: [Synth 8-3876] $readmem data file 'memory_init/backtile_init_20.mem' is read successfully [C:/Users/soren/Fag_project/RamInitSpWf.v:34]
INFO: [Synth 8-6155] done synthesizing module 'RamInitSpWf__parameterized19' (0#1) [C:/Users/soren/Fag_project/RamInitSpWf.v:11]
INFO: [Synth 8-6155] done synthesizing module 'Memory_20' (0#1) [C:/Users/soren/Fag_project/Top.v:521]
INFO: [Synth 8-6157] synthesizing module 'Memory_21' [C:/Users/soren/Fag_project/Top.v:547]
INFO: [Synth 8-6157] synthesizing module 'RamInitSpWf__parameterized20' [C:/Users/soren/Fag_project/RamInitSpWf.v:11]
	Parameter ADDR_WIDTH bound to: 10 - type: integer 
	Parameter DATA_WIDTH bound to: 7 - type: integer 
	Parameter LOAD_FILE bound to: memory_init/backtile_init_21.mem - type: string 
INFO: [Synth 8-3876] $readmem data file 'memory_init/backtile_init_21.mem' is read successfully [C:/Users/soren/Fag_project/RamInitSpWf.v:34]
INFO: [Synth 8-6155] done synthesizing module 'RamInitSpWf__parameterized20' (0#1) [C:/Users/soren/Fag_project/RamInitSpWf.v:11]
INFO: [Synth 8-6155] done synthesizing module 'Memory_21' (0#1) [C:/Users/soren/Fag_project/Top.v:547]
INFO: [Synth 8-6157] synthesizing module 'Memory_22' [C:/Users/soren/Fag_project/Top.v:573]
INFO: [Synth 8-6157] synthesizing module 'RamInitSpWf__parameterized21' [C:/Users/soren/Fag_project/RamInitSpWf.v:11]
	Parameter ADDR_WIDTH bound to: 10 - type: integer 
	Parameter DATA_WIDTH bound to: 7 - type: integer 
	Parameter LOAD_FILE bound to: memory_init/backtile_init_22.mem - type: string 
INFO: [Synth 8-3876] $readmem data file 'memory_init/backtile_init_22.mem' is read successfully [C:/Users/soren/Fag_project/RamInitSpWf.v:34]
INFO: [Synth 8-6155] done synthesizing module 'RamInitSpWf__parameterized21' (0#1) [C:/Users/soren/Fag_project/RamInitSpWf.v:11]
INFO: [Synth 8-6155] done synthesizing module 'Memory_22' (0#1) [C:/Users/soren/Fag_project/Top.v:573]
INFO: [Synth 8-6157] synthesizing module 'Memory_23' [C:/Users/soren/Fag_project/Top.v:599]
INFO: [Synth 8-6157] synthesizing module 'RamInitSpWf__parameterized22' [C:/Users/soren/Fag_project/RamInitSpWf.v:11]
	Parameter ADDR_WIDTH bound to: 10 - type: integer 
	Parameter DATA_WIDTH bound to: 7 - type: integer 
	Parameter LOAD_FILE bound to: memory_init/backtile_init_23.mem - type: string 
INFO: [Synth 8-3876] $readmem data file 'memory_init/backtile_init_23.mem' is read successfully [C:/Users/soren/Fag_project/RamInitSpWf.v:34]
INFO: [Synth 8-6155] done synthesizing module 'RamInitSpWf__parameterized22' (0#1) [C:/Users/soren/Fag_project/RamInitSpWf.v:11]
INFO: [Synth 8-6155] done synthesizing module 'Memory_23' (0#1) [C:/Users/soren/Fag_project/Top.v:599]
INFO: [Synth 8-6157] synthesizing module 'Memory_24' [C:/Users/soren/Fag_project/Top.v:625]
INFO: [Synth 8-6157] synthesizing module 'RamInitSpWf__parameterized23' [C:/Users/soren/Fag_project/RamInitSpWf.v:11]
	Parameter ADDR_WIDTH bound to: 10 - type: integer 
	Parameter DATA_WIDTH bound to: 7 - type: integer 
	Parameter LOAD_FILE bound to: memory_init/backtile_init_24.mem - type: string 
INFO: [Synth 8-3876] $readmem data file 'memory_init/backtile_init_24.mem' is read successfully [C:/Users/soren/Fag_project/RamInitSpWf.v:34]
INFO: [Synth 8-6155] done synthesizing module 'RamInitSpWf__parameterized23' (0#1) [C:/Users/soren/Fag_project/RamInitSpWf.v:11]
INFO: [Synth 8-6155] done synthesizing module 'Memory_24' (0#1) [C:/Users/soren/Fag_project/Top.v:625]
INFO: [Synth 8-6157] synthesizing module 'Memory_25' [C:/Users/soren/Fag_project/Top.v:651]
INFO: [Synth 8-6157] synthesizing module 'RamInitSpWf__parameterized24' [C:/Users/soren/Fag_project/RamInitSpWf.v:11]
	Parameter ADDR_WIDTH bound to: 10 - type: integer 
	Parameter DATA_WIDTH bound to: 7 - type: integer 
	Parameter LOAD_FILE bound to: memory_init/backtile_init_25.mem - type: string 
INFO: [Synth 8-3876] $readmem data file 'memory_init/backtile_init_25.mem' is read successfully [C:/Users/soren/Fag_project/RamInitSpWf.v:34]
INFO: [Synth 8-6155] done synthesizing module 'RamInitSpWf__parameterized24' (0#1) [C:/Users/soren/Fag_project/RamInitSpWf.v:11]
INFO: [Synth 8-6155] done synthesizing module 'Memory_25' (0#1) [C:/Users/soren/Fag_project/Top.v:651]
INFO: [Synth 8-6157] synthesizing module 'Memory_26' [C:/Users/soren/Fag_project/Top.v:677]
INFO: [Synth 8-6157] synthesizing module 'RamInitSpWf__parameterized25' [C:/Users/soren/Fag_project/RamInitSpWf.v:11]
	Parameter ADDR_WIDTH bound to: 10 - type: integer 
	Parameter DATA_WIDTH bound to: 7 - type: integer 
	Parameter LOAD_FILE bound to: memory_init/backtile_init_26.mem - type: string 
INFO: [Synth 8-3876] $readmem data file 'memory_init/backtile_init_26.mem' is read successfully [C:/Users/soren/Fag_project/RamInitSpWf.v:34]
INFO: [Synth 8-6155] done synthesizing module 'RamInitSpWf__parameterized25' (0#1) [C:/Users/soren/Fag_project/RamInitSpWf.v:11]
INFO: [Synth 8-6155] done synthesizing module 'Memory_26' (0#1) [C:/Users/soren/Fag_project/Top.v:677]
INFO: [Synth 8-6157] synthesizing module 'Memory_27' [C:/Users/soren/Fag_project/Top.v:703]
INFO: [Synth 8-6157] synthesizing module 'RamInitSpWf__parameterized26' [C:/Users/soren/Fag_project/RamInitSpWf.v:11]
	Parameter ADDR_WIDTH bound to: 10 - type: integer 
	Parameter DATA_WIDTH bound to: 7 - type: integer 
	Parameter LOAD_FILE bound to: memory_init/backtile_init_27.mem - type: string 
INFO: [Synth 8-3876] $readmem data file 'memory_init/backtile_init_27.mem' is read successfully [C:/Users/soren/Fag_project/RamInitSpWf.v:34]
INFO: [Synth 8-6155] done synthesizing module 'RamInitSpWf__parameterized26' (0#1) [C:/Users/soren/Fag_project/RamInitSpWf.v:11]
INFO: [Synth 8-6155] done synthesizing module 'Memory_27' (0#1) [C:/Users/soren/Fag_project/Top.v:703]
INFO: [Synth 8-6157] synthesizing module 'Memory_28' [C:/Users/soren/Fag_project/Top.v:729]
INFO: [Synth 8-6157] synthesizing module 'RamInitSpWf__parameterized27' [C:/Users/soren/Fag_project/RamInitSpWf.v:11]
	Parameter ADDR_WIDTH bound to: 10 - type: integer 
	Parameter DATA_WIDTH bound to: 7 - type: integer 
	Parameter LOAD_FILE bound to: memory_init/backtile_init_28.mem - type: string 
INFO: [Synth 8-3876] $readmem data file 'memory_init/backtile_init_28.mem' is read successfully [C:/Users/soren/Fag_project/RamInitSpWf.v:34]
INFO: [Synth 8-6155] done synthesizing module 'RamInitSpWf__parameterized27' (0#1) [C:/Users/soren/Fag_project/RamInitSpWf.v:11]
INFO: [Synth 8-6155] done synthesizing module 'Memory_28' (0#1) [C:/Users/soren/Fag_project/Top.v:729]
INFO: [Synth 8-6157] synthesizing module 'Memory_29' [C:/Users/soren/Fag_project/Top.v:755]
INFO: [Synth 8-6157] synthesizing module 'RamInitSpWf__parameterized28' [C:/Users/soren/Fag_project/RamInitSpWf.v:11]
	Parameter ADDR_WIDTH bound to: 10 - type: integer 
	Parameter DATA_WIDTH bound to: 7 - type: integer 
	Parameter LOAD_FILE bound to: memory_init/backtile_init_29.mem - type: string 
INFO: [Synth 8-3876] $readmem data file 'memory_init/backtile_init_29.mem' is read successfully [C:/Users/soren/Fag_project/RamInitSpWf.v:34]
INFO: [Synth 8-6155] done synthesizing module 'RamInitSpWf__parameterized28' (0#1) [C:/Users/soren/Fag_project/RamInitSpWf.v:11]
INFO: [Synth 8-6155] done synthesizing module 'Memory_29' (0#1) [C:/Users/soren/Fag_project/Top.v:755]
INFO: [Synth 8-6157] synthesizing module 'Memory_30' [C:/Users/soren/Fag_project/Top.v:781]
INFO: [Synth 8-6157] synthesizing module 'RamInitSpWf__parameterized29' [C:/Users/soren/Fag_project/RamInitSpWf.v:11]
	Parameter ADDR_WIDTH bound to: 10 - type: integer 
	Parameter DATA_WIDTH bound to: 7 - type: integer 
	Parameter LOAD_FILE bound to: memory_init/backtile_init_30.mem - type: string 
INFO: [Synth 8-3876] $readmem data file 'memory_init/backtile_init_30.mem' is read successfully [C:/Users/soren/Fag_project/RamInitSpWf.v:34]
INFO: [Synth 8-6155] done synthesizing module 'RamInitSpWf__parameterized29' (0#1) [C:/Users/soren/Fag_project/RamInitSpWf.v:11]
INFO: [Synth 8-6155] done synthesizing module 'Memory_30' (0#1) [C:/Users/soren/Fag_project/Top.v:781]
INFO: [Synth 8-6157] synthesizing module 'Memory_31' [C:/Users/soren/Fag_project/Top.v:807]
INFO: [Synth 8-6157] synthesizing module 'RamInitSpWf__parameterized30' [C:/Users/soren/Fag_project/RamInitSpWf.v:11]
	Parameter ADDR_WIDTH bound to: 10 - type: integer 
	Parameter DATA_WIDTH bound to: 7 - type: integer 
	Parameter LOAD_FILE bound to: memory_init/backtile_init_31.mem - type: string 
INFO: [Synth 8-3876] $readmem data file 'memory_init/backtile_init_31.mem' is read successfully [C:/Users/soren/Fag_project/RamInitSpWf.v:34]
INFO: [Synth 8-6155] done synthesizing module 'RamInitSpWf__parameterized30' (0#1) [C:/Users/soren/Fag_project/RamInitSpWf.v:11]
INFO: [Synth 8-6155] done synthesizing module 'Memory_31' (0#1) [C:/Users/soren/Fag_project/Top.v:807]
INFO: [Synth 8-6157] synthesizing module 'Memory_32' [C:/Users/soren/Fag_project/Top.v:833]
INFO: [Synth 8-6157] synthesizing module 'RamSpWf' [C:/Users/soren/Fag_project/RamSpWf.v:11]
	Parameter ADDR_WIDTH bound to: 11 - type: integer 
	Parameter DATA_WIDTH bound to: 5 - type: integer 
INFO: [Synth 8-6155] done synthesizing module 'RamSpWf' (0#1) [C:/Users/soren/Fag_project/RamSpWf.v:11]
INFO: [Synth 8-6155] done synthesizing module 'Memory_32' (0#1) [C:/Users/soren/Fag_project/Top.v:833]
INFO: [Synth 8-6157] synthesizing module 'Memory_34' [C:/Users/soren/Fag_project/Top.v:861]
INFO: [Synth 8-6157] synthesizing module 'RamInitSpWf__parameterized31' [C:/Users/soren/Fag_project/RamInitSpWf.v:11]
	Parameter ADDR_WIDTH bound to: 11 - type: integer 
	Parameter DATA_WIDTH bound to: 5 - type: integer 
	Parameter LOAD_FILE bound to: memory_init/backbuffer_init.mem - type: string 
INFO: [Synth 8-3876] $readmem data file 'memory_init/backbuffer_init.mem' is read successfully [C:/Users/soren/Fag_project/RamInitSpWf.v:34]
INFO: [Synth 8-6155] done synthesizing module 'RamInitSpWf__parameterized31' (0#1) [C:/Users/soren/Fag_project/RamInitSpWf.v:11]
INFO: [Synth 8-6155] done synthesizing module 'Memory_34' (0#1) [C:/Users/soren/Fag_project/Top.v:861]
INFO: [Synth 8-6157] synthesizing module 'Memory_35' [C:/Users/soren/Fag_project/Top.v:887]
INFO: [Synth 8-6157] synthesizing module 'RamInitSpWf__parameterized32' [C:/Users/soren/Fag_project/RamInitSpWf.v:11]
	Parameter ADDR_WIDTH bound to: 10 - type: integer 
	Parameter DATA_WIDTH bound to: 7 - type: integer 
	Parameter LOAD_FILE bound to: memory_init/sprite_init_0.mem - type: string 
INFO: [Synth 8-3876] $readmem data file 'memory_init/sprite_init_0.mem' is read successfully [C:/Users/soren/Fag_project/RamInitSpWf.v:34]
INFO: [Synth 8-6155] done synthesizing module 'RamInitSpWf__parameterized32' (0#1) [C:/Users/soren/Fag_project/RamInitSpWf.v:11]
INFO: [Synth 8-6155] done synthesizing module 'Memory_35' (0#1) [C:/Users/soren/Fag_project/Top.v:887]
INFO: [Synth 8-6157] synthesizing module 'Memory_36' [C:/Users/soren/Fag_project/Top.v:913]
INFO: [Synth 8-6157] synthesizing module 'RamInitSpWf__parameterized33' [C:/Users/soren/Fag_project/RamInitSpWf.v:11]
	Parameter ADDR_WIDTH bound to: 10 - type: integer 
	Parameter DATA_WIDTH bound to: 7 - type: integer 
	Parameter LOAD_FILE bound to: memory_init/sprite_init_1.mem - type: string 
INFO: [Synth 8-3876] $readmem data file 'memory_init/sprite_init_1.mem' is read successfully [C:/Users/soren/Fag_project/RamInitSpWf.v:34]
INFO: [Synth 8-6155] done synthesizing module 'RamInitSpWf__parameterized33' (0#1) [C:/Users/soren/Fag_project/RamInitSpWf.v:11]
INFO: [Synth 8-6155] done synthesizing module 'Memory_36' (0#1) [C:/Users/soren/Fag_project/Top.v:913]
INFO: [Synth 8-6157] synthesizing module 'Memory_37' [C:/Users/soren/Fag_project/Top.v:939]
INFO: [Synth 8-6157] synthesizing module 'RamInitSpWf__parameterized34' [C:/Users/soren/Fag_project/RamInitSpWf.v:11]
	Parameter ADDR_WIDTH bound to: 10 - type: integer 
	Parameter DATA_WIDTH bound to: 7 - type: integer 
	Parameter LOAD_FILE bound to: memory_init/sprite_init_2.mem - type: string 
INFO: [Synth 8-3876] $readmem data file 'memory_init/sprite_init_2.mem' is read successfully [C:/Users/soren/Fag_project/RamInitSpWf.v:34]
INFO: [Synth 8-6155] done synthesizing module 'RamInitSpWf__parameterized34' (0#1) [C:/Users/soren/Fag_project/RamInitSpWf.v:11]
INFO: [Synth 8-6155] done synthesizing module 'Memory_37' (0#1) [C:/Users/soren/Fag_project/Top.v:939]
INFO: [Synth 8-6157] synthesizing module 'Memory_38' [C:/Users/soren/Fag_project/Top.v:965]
INFO: [Synth 8-6157] synthesizing module 'RamInitSpWf__parameterized35' [C:/Users/soren/Fag_project/RamInitSpWf.v:11]
	Parameter ADDR_WIDTH bound to: 10 - type: integer 
	Parameter DATA_WIDTH bound to: 7 - type: integer 
	Parameter LOAD_FILE bound to: memory_init/sprite_init_3.mem - type: string 
INFO: [Synth 8-3876] $readmem data file 'memory_init/sprite_init_3.mem' is read successfully [C:/Users/soren/Fag_project/RamInitSpWf.v:34]
INFO: [Synth 8-6155] done synthesizing module 'RamInitSpWf__parameterized35' (0#1) [C:/Users/soren/Fag_project/RamInitSpWf.v:11]
INFO: [Synth 8-6155] done synthesizing module 'Memory_38' (0#1) [C:/Users/soren/Fag_project/Top.v:965]
INFO: [Synth 8-6157] synthesizing module 'Memory_39' [C:/Users/soren/Fag_project/Top.v:991]
INFO: [Synth 8-6157] synthesizing module 'RamInitSpWf__parameterized36' [C:/Users/soren/Fag_project/RamInitSpWf.v:11]
	Parameter ADDR_WIDTH bound to: 10 - type: integer 
	Parameter DATA_WIDTH bound to: 7 - type: integer 
	Parameter LOAD_FILE bound to: memory_init/sprite_init_4.mem - type: string 
INFO: [Synth 8-3876] $readmem data file 'memory_init/sprite_init_4.mem' is read successfully [C:/Users/soren/Fag_project/RamInitSpWf.v:34]
INFO: [Synth 8-6155] done synthesizing module 'RamInitSpWf__parameterized36' (0#1) [C:/Users/soren/Fag_project/RamInitSpWf.v:11]
INFO: [Synth 8-6155] done synthesizing module 'Memory_39' (0#1) [C:/Users/soren/Fag_project/Top.v:991]
INFO: [Synth 8-6157] synthesizing module 'Memory_40' [C:/Users/soren/Fag_project/Top.v:1017]
INFO: [Synth 8-6157] synthesizing module 'RamInitSpWf__parameterized37' [C:/Users/soren/Fag_project/RamInitSpWf.v:11]
	Parameter ADDR_WIDTH bound to: 10 - type: integer 
	Parameter DATA_WIDTH bound to: 7 - type: integer 
	Parameter LOAD_FILE bound to: memory_init/sprite_init_5.mem - type: string 
INFO: [Synth 8-3876] $readmem data file 'memory_init/sprite_init_5.mem' is read successfully [C:/Users/soren/Fag_project/RamInitSpWf.v:34]
INFO: [Synth 8-6155] done synthesizing module 'RamInitSpWf__parameterized37' (0#1) [C:/Users/soren/Fag_project/RamInitSpWf.v:11]
INFO: [Synth 8-6155] done synthesizing module 'Memory_40' (0#1) [C:/Users/soren/Fag_project/Top.v:1017]
INFO: [Synth 8-6157] synthesizing module 'Memory_41' [C:/Users/soren/Fag_project/Top.v:1043]
INFO: [Synth 8-6157] synthesizing module 'RamInitSpWf__parameterized38' [C:/Users/soren/Fag_project/RamInitSpWf.v:11]
	Parameter ADDR_WIDTH bound to: 10 - type: integer 
	Parameter DATA_WIDTH bound to: 7 - type: integer 
	Parameter LOAD_FILE bound to: memory_init/sprite_init_6.mem - type: string 
INFO: [Synth 8-3876] $readmem data file 'memory_init/sprite_init_6.mem' is read successfully [C:/Users/soren/Fag_project/RamInitSpWf.v:34]
INFO: [Synth 8-6155] done synthesizing module 'RamInitSpWf__parameterized38' (0#1) [C:/Users/soren/Fag_project/RamInitSpWf.v:11]
INFO: [Synth 8-6155] done synthesizing module 'Memory_41' (0#1) [C:/Users/soren/Fag_project/Top.v:1043]
INFO: [Synth 8-6157] synthesizing module 'Memory_42' [C:/Users/soren/Fag_project/Top.v:1069]
INFO: [Synth 8-6157] synthesizing module 'RamInitSpWf__parameterized39' [C:/Users/soren/Fag_project/RamInitSpWf.v:11]
	Parameter ADDR_WIDTH bound to: 10 - type: integer 
	Parameter DATA_WIDTH bound to: 7 - type: integer 
	Parameter LOAD_FILE bound to: memory_init/sprite_init_7.mem - type: string 
INFO: [Synth 8-3876] $readmem data file 'memory_init/sprite_init_7.mem' is read successfully [C:/Users/soren/Fag_project/RamInitSpWf.v:34]
INFO: [Synth 8-6155] done synthesizing module 'RamInitSpWf__parameterized39' (0#1) [C:/Users/soren/Fag_project/RamInitSpWf.v:11]
INFO: [Synth 8-6155] done synthesizing module 'Memory_42' (0#1) [C:/Users/soren/Fag_project/Top.v:1069]
INFO: [Synth 8-6157] synthesizing module 'Memory_43' [C:/Users/soren/Fag_project/Top.v:1095]
INFO: [Synth 8-6157] synthesizing module 'RamInitSpWf__parameterized40' [C:/Users/soren/Fag_project/RamInitSpWf.v:11]
	Parameter ADDR_WIDTH bound to: 10 - type: integer 
	Parameter DATA_WIDTH bound to: 7 - type: integer 
	Parameter LOAD_FILE bound to: memory_init/sprite_init_8.mem - type: string 
INFO: [Synth 8-3876] $readmem data file 'memory_init/sprite_init_8.mem' is read successfully [C:/Users/soren/Fag_project/RamInitSpWf.v:34]
INFO: [Synth 8-6155] done synthesizing module 'RamInitSpWf__parameterized40' (0#1) [C:/Users/soren/Fag_project/RamInitSpWf.v:11]
INFO: [Synth 8-6155] done synthesizing module 'Memory_43' (0#1) [C:/Users/soren/Fag_project/Top.v:1095]
INFO: [Synth 8-6157] synthesizing module 'Memory_44' [C:/Users/soren/Fag_project/Top.v:1121]
INFO: [Synth 8-6157] synthesizing module 'RamInitSpWf__parameterized41' [C:/Users/soren/Fag_project/RamInitSpWf.v:11]
	Parameter ADDR_WIDTH bound to: 10 - type: integer 
	Parameter DATA_WIDTH bound to: 7 - type: integer 
	Parameter LOAD_FILE bound to: memory_init/sprite_init_9.mem - type: string 
INFO: [Synth 8-3876] $readmem data file 'memory_init/sprite_init_9.mem' is read successfully [C:/Users/soren/Fag_project/RamInitSpWf.v:34]
INFO: [Synth 8-6155] done synthesizing module 'RamInitSpWf__parameterized41' (0#1) [C:/Users/soren/Fag_project/RamInitSpWf.v:11]
INFO: [Synth 8-6155] done synthesizing module 'Memory_44' (0#1) [C:/Users/soren/Fag_project/Top.v:1121]
INFO: [Synth 8-6157] synthesizing module 'Memory_45' [C:/Users/soren/Fag_project/Top.v:1147]
INFO: [Synth 8-6157] synthesizing module 'RamInitSpWf__parameterized42' [C:/Users/soren/Fag_project/RamInitSpWf.v:11]
	Parameter ADDR_WIDTH bound to: 10 - type: integer 
	Parameter DATA_WIDTH bound to: 7 - type: integer 
	Parameter LOAD_FILE bound to: memory_init/sprite_init_10.mem - type: string 
INFO: [Synth 8-3876] $readmem data file 'memory_init/sprite_init_10.mem' is read successfully [C:/Users/soren/Fag_project/RamInitSpWf.v:34]
INFO: [Synth 8-6155] done synthesizing module 'RamInitSpWf__parameterized42' (0#1) [C:/Users/soren/Fag_project/RamInitSpWf.v:11]
INFO: [Synth 8-6155] done synthesizing module 'Memory_45' (0#1) [C:/Users/soren/Fag_project/Top.v:1147]
INFO: [Synth 8-6157] synthesizing module 'Memory_46' [C:/Users/soren/Fag_project/Top.v:1173]
INFO: [Synth 8-6157] synthesizing module 'RamInitSpWf__parameterized43' [C:/Users/soren/Fag_project/RamInitSpWf.v:11]
	Parameter ADDR_WIDTH bound to: 10 - type: integer 
	Parameter DATA_WIDTH bound to: 7 - type: integer 
	Parameter LOAD_FILE bound to: memory_init/sprite_init_11.mem - type: string 
INFO: [Synth 8-3876] $readmem data file 'memory_init/sprite_init_11.mem' is read successfully [C:/Users/soren/Fag_project/RamInitSpWf.v:34]
INFO: [Synth 8-6155] done synthesizing module 'RamInitSpWf__parameterized43' (0#1) [C:/Users/soren/Fag_project/RamInitSpWf.v:11]
INFO: [Synth 8-6155] done synthesizing module 'Memory_46' (0#1) [C:/Users/soren/Fag_project/Top.v:1173]
INFO: [Synth 8-6157] synthesizing module 'Memory_47' [C:/Users/soren/Fag_project/Top.v:1199]
INFO: [Synth 8-6157] synthesizing module 'RamInitSpWf__parameterized44' [C:/Users/soren/Fag_project/RamInitSpWf.v:11]
	Parameter ADDR_WIDTH bound to: 10 - type: integer 
	Parameter DATA_WIDTH bound to: 7 - type: integer 
	Parameter LOAD_FILE bound to: memory_init/sprite_init_12.mem - type: string 
INFO: [Synth 8-3876] $readmem data file 'memory_init/sprite_init_12.mem' is read successfully [C:/Users/soren/Fag_project/RamInitSpWf.v:34]
INFO: [Synth 8-6155] done synthesizing module 'RamInitSpWf__parameterized44' (0#1) [C:/Users/soren/Fag_project/RamInitSpWf.v:11]
INFO: [Synth 8-6155] done synthesizing module 'Memory_47' (0#1) [C:/Users/soren/Fag_project/Top.v:1199]
INFO: [Synth 8-6157] synthesizing module 'Memory_48' [C:/Users/soren/Fag_project/Top.v:1225]
INFO: [Synth 8-6157] synthesizing module 'RamInitSpWf__parameterized45' [C:/Users/soren/Fag_project/RamInitSpWf.v:11]
	Parameter ADDR_WIDTH bound to: 10 - type: integer 
	Parameter DATA_WIDTH bound to: 7 - type: integer 
	Parameter LOAD_FILE bound to: memory_init/sprite_init_13.mem - type: string 
INFO: [Synth 8-3876] $readmem data file 'memory_init/sprite_init_13.mem' is read successfully [C:/Users/soren/Fag_project/RamInitSpWf.v:34]
INFO: [Synth 8-6155] done synthesizing module 'RamInitSpWf__parameterized45' (0#1) [C:/Users/soren/Fag_project/RamInitSpWf.v:11]
INFO: [Synth 8-6155] done synthesizing module 'Memory_48' (0#1) [C:/Users/soren/Fag_project/Top.v:1225]
INFO: [Synth 8-6157] synthesizing module 'Memory_49' [C:/Users/soren/Fag_project/Top.v:1251]
INFO: [Common 17-14] Message 'Synth 8-6157' appears 100 times and further instances of the messages will be disabled. Use the Tcl command set_msg_config to change the current settings.
	Parameter ADDR_WIDTH bound to: 10 - type: integer 
	Parameter DATA_WIDTH bound to: 7 - type: integer 
	Parameter LOAD_FILE bound to: memory_init/sprite_init_14.mem - type: string 
INFO: [Synth 8-3876] $readmem data file 'memory_init/sprite_init_14.mem' is read successfully [C:/Users/soren/Fag_project/RamInitSpWf.v:34]
INFO: [Synth 8-6155] done synthesizing module 'RamInitSpWf__parameterized46' (0#1) [C:/Users/soren/Fag_project/RamInitSpWf.v:11]
INFO: [Synth 8-6155] done synthesizing module 'Memory_49' (0#1) [C:/Users/soren/Fag_project/Top.v:1251]
	Parameter ADDR_WIDTH bound to: 10 - type: integer 
	Parameter DATA_WIDTH bound to: 7 - type: integer 
	Parameter LOAD_FILE bound to: memory_init/sprite_init_15.mem - type: string 
INFO: [Synth 8-3876] $readmem data file 'memory_init/sprite_init_15.mem' is read successfully [C:/Users/soren/Fag_project/RamInitSpWf.v:34]
INFO: [Synth 8-6155] done synthesizing module 'RamInitSpWf__parameterized47' (0#1) [C:/Users/soren/Fag_project/RamInitSpWf.v:11]
INFO: [Synth 8-6155] done synthesizing module 'Memory_50' (0#1) [C:/Users/soren/Fag_project/Top.v:1277]
INFO: [Common 17-14] Message 'Synth 8-6155' appears 100 times and further instances of the messages will be disabled. Use the Tcl command set_msg_config to change the current settings.
	Parameter ADDR_WIDTH bound to: 12 - type: integer 
	Parameter DATA_WIDTH bound to: 14 - type: integer 
	Parameter LOAD_FILE bound to: memory_init/rotation45deg.mem - type: string 
INFO: [Synth 8-3876] $readmem data file 'memory_init/rotation45deg.mem' is read successfully [C:/Users/soren/Fag_project/RamInitSpWf.v:34]
	Parameter ADDR_WIDTH bound to: 9 - type: integer 
	Parameter DATA_WIDTH bound to: 32 - type: integer 
	Parameter LOAD_FILE bound to: memory_init/tone_init_0.mem - type: string 
INFO: [Synth 8-3876] $readmem data file 'memory_init/tone_init_0.mem' is read successfully [C:/Users/soren/Fag_project/RamInitSpWf.v:34]
	Parameter ADDR_WIDTH bound to: 9 - type: integer 
	Parameter DATA_WIDTH bound to: 32 - type: integer 
	Parameter LOAD_FILE bound to: memory_init/tone_init_1.mem - type: string 
INFO: [Synth 8-3876] $readmem data file 'memory_init/tone_init_1.mem' is read successfully [C:/Users/soren/Fag_project/RamInitSpWf.v:34]
	Parameter ADDR_WIDTH bound to: 9 - type: integer 
	Parameter DATA_WIDTH bound to: 32 - type: integer 
	Parameter LOAD_FILE bound to: memory_init/tone_init_2.mem - type: string 
INFO: [Synth 8-3876] $readmem data file 'memory_init/tone_init_2.mem' is read successfully [C:/Users/soren/Fag_project/RamInitSpWf.v:34]
	Parameter ADDR_WIDTH bound to: 9 - type: integer 
	Parameter DATA_WIDTH bound to: 32 - type: integer 
	Parameter LOAD_FILE bound to: memory_init/tone_init_3.mem - type: string 
INFO: [Synth 8-3876] $readmem data file 'memory_init/tone_init_3.mem' is read successfully [C:/Users/soren/Fag_project/RamInitSpWf.v:34]
	Parameter ADDR_WIDTH bound to: 9 - type: integer 
	Parameter DATA_WIDTH bound to: 32 - type: integer 
	Parameter LOAD_FILE bound to: memory_init/tone_init_4.mem - type: string 
INFO: [Synth 8-3876] $readmem data file 'memory_init/tone_init_4.mem' is read successfully [C:/Users/soren/Fag_project/RamInitSpWf.v:34]
	Parameter ADDR_WIDTH bound to: 9 - type: integer 
	Parameter DATA_WIDTH bound to: 32 - type: integer 
	Parameter LOAD_FILE bound to: memory_init/tone_init_5.mem - type: string 
INFO: [Synth 8-3876] $readmem data file 'memory_init/tone_init_5.mem' is read successfully [C:/Users/soren/Fag_project/RamInitSpWf.v:34]
	Parameter ADDR_WIDTH bound to: 9 - type: integer 
	Parameter DATA_WIDTH bound to: 32 - type: integer 
	Parameter LOAD_FILE bound to: memory_init/tone_init_6.mem - type: string 
INFO: [Synth 8-3876] $readmem data file 'memory_init/tone_init_6.mem' is read successfully [C:/Users/soren/Fag_project/RamInitSpWf.v:34]
	Parameter ADDR_WIDTH bound to: 9 - type: integer 
	Parameter DATA_WIDTH bound to: 32 - type: integer 
	Parameter LOAD_FILE bound to: memory_init/tone_init_7.mem - type: string 
INFO: [Synth 8-3876] $readmem data file 'memory_init/tone_init_7.mem' is read successfully [C:/Users/soren/Fag_project/RamInitSpWf.v:34]
